Log file open, 08/15/23 06:36:44
LogWindows: Failed to load 'aqProf.dll' (GetLastError=126)
LogWindows: File 'aqProf.dll' does not exist
LogWindows: Failed to load 'VtuneApi.dll' (GetLastError=126)
LogWindows: File 'VtuneApi.dll' does not exist
LogWindows: Failed to load 'VtuneApi32e.dll' (GetLastError=126)
LogWindows: File 'VtuneApi32e.dll' does not exist
LogConsoleResponse: Display: Failed to find resolution value strings in scalability ini. Falling back to default.
LogConsoleResponse: Display: Failed to find resolution value strings in scalability ini. Falling back to default.
LogPakFile: Display: Found Pak file ../../../BallGame/Content/Paks/BallGame-WindowsNoEditor.pak attempting to mount.
LogPakFile: Display: Mounting pak file ../../../BallGame/Content/Paks/BallGame-WindowsNoEditor.pak.
LogPakFile: PakFile PrimaryIndexSize=50554
LogPakFile: PakFile PathHashIndexSize=55844
LogPakFile: PakFile FullDirectoryIndexSize=83486
LogShaderLibrary: Display: ShaderCodeLibraryPakFileMountedCallback: PakFile '../../../BallGame/Content/Paks/BallGame-WindowsNoEditor.pak' (chunk index -1, root '../../../') mounted
LogShaderLibrary: Display: ShaderCodeLibraryPakFileMountedCallback: pending pak file info (ChunkID:-1 Root:../../../ File:../../../BallGame/Content/Paks/BallGame-WindowsNoEditor.pak)
LogPakFile: OnPakFileMounted2Time == 0.000060
LogPlatformFile: Not using cached read wrapper
LogTaskGraph: Started task graph with 5 named threads and 14 total threads with 3 sets of task threads.
LogStats: Stats thread started at 0.101006
LogICUInternationalization: ICU TimeZone Detection - Raw Offset: +0:00, Platform Override: ''
LogInit: Display: Loading text-based GConfig....
LogPluginManager: Mounting plugin ModelingToolsEditorMode
LogPluginManager: Mounting plugin MeshModelingToolset
LogPluginManager: Mounting plugin GeometryProcessing
LogPluginManager: Mounting plugin ProxyLODPlugin
LogPluginManager: Mounting plugin HairStrands
LogPluginManager: Mounting plugin Niagara
LogPluginManager: Mounting plugin PythonScriptPlugin
LogPluginManager: Mounting plugin GeometryCache
LogPluginManager: Mounting plugin StylusInput
LogPluginManager: Mounting plugin Paper2D
LogPluginManager: Mounting plugin AISupport
LogPluginManager: Mounting plugin EnvironmentQueryEditor
LogPluginManager: Mounting plugin LightPropagationVolume
LogPluginManager: Mounting plugin CameraShakePreviewer
LogPluginManager: Mounting plugin GameplayCameras
LogPluginManager: Mounting plugin TemplateSequence
LogPluginManager: Mounting plugin LevelSequenceEditor
LogPluginManager: Mounting plugin OodleData
LogPluginManager: Mounting plugin OodleNetwork
LogPluginManager: Mounting plugin AnimationSharing
LogPluginManager: Mounting plugin SignificanceManager
LogPluginManager: Mounting plugin PixWinPlugin
LogPluginManager: Mounting plugin PluginUtils
LogPluginManager: Mounting plugin PropertyAccessEditor
LogPluginManager: Mounting plugin UObjectPlugin
LogPluginManager: Mounting plugin AssetManagerEditor
LogPluginManager: Mounting plugin FacialAnimation
LogPluginManager: Mounting plugin GeometryMode
LogPluginManager: Mounting plugin SpeedTreeImporter
LogPluginManager: Mounting plugin DatasmithContent
LogPluginManager: Mounting plugin VariantManagerContent
LogPluginManager: Mounting plugin AlembicImporter
LogPluginManager: Mounting plugin AutomationUtils
LogPluginManager: Mounting plugin ScreenshotTools
LogPluginManager: Mounting plugin BackChannel
LogPluginManager: Mounting plugin ChaosClothEditor
LogPluginManager: Mounting plugin ChaosCloth
LogPluginManager: Mounting plugin ChaosEditor
LogPluginManager: Mounting plugin PlanarCut
LogPluginManager: Mounting plugin EditableMesh
LogPluginManager: Mounting plugin GeometryCollectionPlugin
LogPluginManager: Mounting plugin ProceduralMeshComponent
LogPluginManager: Mounting plugin ChaosSolverPlugin
LogPluginManager: Mounting plugin ChaosNiagara
LogPluginManager: Mounting plugin CharacterAI
LogPluginManager: Mounting plugin MotoSynth
LogPluginManager: Mounting plugin OpenImageDenoise
LogPluginManager: Mounting plugin PlatformCrypto
LogPluginManager: Mounting plugin MagicLeapPassableWorld
LogPluginManager: Mounting plugin MagicLeap
LogPluginManager: Mounting plugin MLSDK
LogPluginManager: Mounting plugin MagicLeapLightEstimation
LogPluginManager: Mounting plugin AvfMedia
LogPluginManager: Mounting plugin ImgMedia
LogPluginManager: Mounting plugin MediaCompositing
LogPluginManager: Mounting plugin WmfMedia
LogPluginManager: Mounting plugin MeshPainting
LogPluginManager: Mounting plugin TcpMessaging
LogPluginManager: Mounting plugin UdpMessaging
LogPluginManager: Mounting plugin ActorSequence
LogPluginManager: Mounting plugin MatineeToLevelSequence
LogPluginManager: Mounting plugin OnlineSubsystemNull
LogPluginManager: Mounting plugin OnlineSubsystem
LogPluginManager: Mounting plugin OnlineSubsystemUtils
LogPluginManager: Mounting plugin LauncherChunkInstaller
LogPluginManager: Mounting plugin ActorLayerUtilities
LogPluginManager: Mounting plugin AndroidPermission
LogPluginManager: Mounting plugin AppleImageUtils
LogPluginManager: Mounting plugin ArchVisCharacter
LogPluginManager: Mounting plugin AssetTags
LogPluginManager: Mounting plugin AudioCapture
LogPluginManager: Mounting plugin CableComponent
LogPluginManager: Mounting plugin ChunkDownloader
LogPluginManager: Mounting plugin CustomMeshComponent
LogPluginManager: Mounting plugin ExampleDeviceProfileSelector
LogPluginManager: Mounting plugin GooglePAD
LogPluginManager: Mounting plugin LocationServicesBPLibrary
LogPluginManager: Mounting plugin MobilePatchingUtils
LogPluginManager: Mounting plugin OculusVR
LogPluginManager: Mounting plugin OpenXREyeTracker
LogPluginManager: Mounting plugin OpenXR
LogPluginManager: Mounting plugin OpenXRHandTracking
LogPluginManager: Mounting plugin LiveLink
LogPluginManager: Mounting plugin Takes
LogPluginManager: Mounting plugin PhysXVehicles
LogPluginManager: Mounting plugin RuntimePhysXCooking
LogPluginManager: Mounting plugin SoundFields
LogPluginManager: Mounting plugin SteamVR
LogPluginManager: Mounting plugin Synthesis
LogPluginManager: Mounting plugin AudioSynesthesia
LogPluginManager: Mounting plugin WebMMoviePlayer
LogPluginManager: Mounting plugin WebMMedia
LogPluginManager: Mounting plugin WindowsMoviePlayer
PixWinPlugin: PIX capture plugin failed to initialize! Check that the process is launched from PIX.
LogLuminAPIImpl: Warning: MLSDK not found.  This likely means the MLSDK environment variable is not set.
LogInit: Using libcurl 7.55.1-DEV
LogInit:  - built for x86_64-pc-win32
LogInit:  - supports SSL with OpenSSL/1.1.1
LogInit:  - supports HTTP deflate (compression) using libz 1.2.8
LogInit:  - other features:
LogInit:      CURL_VERSION_SSL
LogInit:      CURL_VERSION_LIBZ
LogInit:      CURL_VERSION_IPV6
LogInit:      CURL_VERSION_ASYNCHDNS
LogInit:      CURL_VERSION_LARGEFILE
LogInit:      CURL_VERSION_IDN
LogInit:  CurlRequestOptions (configurable via config and command line):
LogInit:  - bVerifyPeer = true  - Libcurl will verify peer certificate
LogInit:  - bUseHttpProxy = false  - Libcurl will NOT use HTTP proxy
LogInit:  - bDontReuseConnections = false  - Libcurl will reuse connections
LogInit:  - MaxHostConnections = 16  - Libcurl will limit the number of connections to a host
LogInit:  - LocalHostAddr = Default
LogInit:  - BufferSize = 65536
LogOnline: OSS: Creating online subsystem instance for: NULL
LogInit: WinSock: version 1.1 (2.2), MaxSocks=32767, MaxUdp=65467
LogOnline: OSS: TryLoadSubsystemAndSetDefault: Loaded subsystem for module [NULL]
LogOculusPluginWrapper: OculusPlugin initialized successfully
LogHMD: Failed initializing OVRPlugin 1.59.0
LogInit: Build: ++UE4+Release-4.27-CL-18319896
LogInit: Engine Version: 4.27.2-18319896+++UE4+Release-4.27
LogInit: Compatible Engine Version: 4.27.0-17155196+++UE4+Release-4.27
LogInit: Net CL: 17155196
LogInit: OS: Windows 10 (Release 2009) (), CPU: Intel(R) Core(TM) i5-7600K CPU @ 3.80GHz, GPU: NVIDIA GeForce GTX 1070
LogInit: Compiled (64-bit): Nov 30 2021 07:26:28
LogInit: Compiled with Visual C++: 19.16.27032.01
LogInit: Build Configuration: Development
LogInit: Branch Name: ++UE4+Release-4.27
LogInit: Command Line: 
LogInit: Base Directory: F:/ProgressiveEnginesResit/BallGame/WindowsNoEditor/BallGame/Binaries/Win64/
LogInit: Allocator: binned2
LogInit: Installed Engine Build: 0
LogDevObjectVersion: Number of dev versions registered: 29
LogDevObjectVersion:   Dev-Blueprints (B0D832E4-1F89-4F0D-ACCF-7EB736FD4AA2): 10
LogDevObjectVersion:   Dev-Build (E1C64328-A22C-4D53-A36C-8E866417BD8C): 0
LogDevObjectVersion:   Dev-Core (375EC13C-06E4-48FB-B500-84F0262A717E): 4
LogDevObjectVersion:   Dev-Editor (E4B068ED-F494-42E9-A231-DA0B2E46BB41): 40
LogDevObjectVersion:   Dev-Framework (CFFC743F-43B0-4480-9391-14DF171D2073): 37
LogDevObjectVersion:   Dev-Mobile (B02B49B5-BB20-44E9-A304-32B752E40360): 3
LogDevObjectVersion:   Dev-Networking (A4E4105C-59A1-49B5-A7C5-40C4547EDFEE): 0
LogDevObjectVersion:   Dev-Online (39C831C9-5AE6-47DC-9A44-9C173E1C8E7C): 0
LogDevObjectVersion:   Dev-Physics (78F01B33-EBEA-4F98-B9B4-84EACCB95AA2): 14
LogDevObjectVersion:   Dev-Platform (6631380F-2D4D-43E0-8009-CF276956A95A): 0
LogDevObjectVersion:   Dev-Rendering (12F88B9F-8875-4AFC-A67C-D90C383ABD29): 45
LogDevObjectVersion:   Dev-Sequencer (7B5AE74C-D270-4C10-A958-57980B212A5A): 13
LogDevObjectVersion:   Dev-VR (D7296918-1DD6-4BDD-9DE2-64A83CC13884): 3
LogDevObjectVersion:   Dev-LoadTimes (C2A15278-BFE7-4AFE-6C17-90FF531DF755): 1
LogDevObjectVersion:   Private-Geometry (6EACA3D4-40EC-4CC1-B786-8BED09428FC5): 3
LogDevObjectVersion:   Dev-AnimPhys (29E575DD-E0A3-4627-9D10-D276232CDCEA): 17
LogDevObjectVersion:   Dev-Anim (AF43A65D-7FD3-4947-9873-3E8ED9C1BB05): 15
LogDevObjectVersion:   Dev-ReflectionCapture (6B266CEC-1EC7-4B8F-A30B-E4D90942FC07): 1
LogDevObjectVersion:   Dev-Automation (0DF73D61-A23F-47EA-B727-89E90C41499A): 1
LogDevObjectVersion:   FortniteMain (601D1886-AC64-4F84-AA16-D3DE0DEAC7D6): 47
LogDevObjectVersion:   FortniteRelease (E7086368-6B23-4C58-8439-1B7016265E91): 1
LogDevObjectVersion:   Dev-Enterprise (9DFFBCD6-494F-0158-E221-12823C92A888): 10
LogDevObjectVersion:   Dev-Niagara (F2AED0AC-9AFE-416F-8664-AA7FFA26D6FC): 1
LogDevObjectVersion:   Dev-Destruction (174F1F0B-B4C6-45A5-B13F-2EE8D0FB917D): 10
LogDevObjectVersion:   Dev-Physics-Ext (35F94A83-E258-406C-A318-09F59610247C): 41
LogDevObjectVersion:   Dev-PhysicsMaterial-Chaos (B68FC16E-8B1B-42E2-B453-215C058844FE): 1
LogDevObjectVersion:   Dev-CineCamera (B2E18506-4273-CFC2-A54E-F4BB758BBA07): 1
LogDevObjectVersion:   Dev-VirtualProduction (64F58936-FD1B-42BA-BA96-7289D5D0FA4E): 1
LogDevObjectVersion:   Dev-MediaFramework (6F0ED827-A609-4895-9C91-998D90180EA4): 2
LogInit: Presizing for max 2097152 objects, including 1 objects not considered by GC, pre-allocating 0 bytes for permanent pool.
LogConfig: Applying CVar settings from Section [/Script/Engine.StreamingSettings] File [../../../BallGame/Saved/Config/WindowsNoEditor/Engine.ini]
LogConfig: Setting CVar [[s.MinBulkDataSizeForAsyncLoading:131072]]
LogConfig: Setting CVar [[s.AsyncLoadingThreadEnabled:0]]
LogConfig: Setting CVar [[s.EventDrivenLoaderEnabled:1]]
LogConfig: Setting CVar [[s.WarnIfTimeLimitExceeded:0]]
LogConfig: Setting CVar [[s.TimeLimitExceededMultiplier:1.5]]
LogConfig: Setting CVar [[s.TimeLimitExceededMinTime:0.005]]
LogConfig: Setting CVar [[s.UseBackgroundLevelStreaming:1]]
LogConfig: Setting CVar [[s.PriorityAsyncLoadingExtraTime:15.0]]
LogConfig: Setting CVar [[s.LevelStreamingActorsUpdateTimeLimit:5.0]]
LogConfig: Setting CVar [[s.PriorityLevelStreamingActorsUpdateExtraTime:5.0]]
LogConfig: Setting CVar [[s.LevelStreamingComponentsRegistrationGranularity:10]]
LogConfig: Setting CVar [[s.UnregisterComponentsTimeLimit:1.0]]
LogConfig: Setting CVar [[s.LevelStreamingComponentsUnregistrationGranularity:5]]
LogConfig: Setting CVar [[s.FlushStreamingOnExit:1]]
LogStreaming: Display: Async Loading initialized: Event Driven Loader: true, Async Loading Thread: false, Async Post Load: true
LogInit: Object subsystem initialized
LogConfig: Setting CVar [[con.DebugEarlyDefault:1]]
LogConfig: Setting CVar [[r.setres:1280x720]]
LogConfig: Setting CVar [[fx.NiagaraAllowRuntimeScalabilityChanges:1]]
[2023.08.15-05.36.44:995][  0]LogConfig: Setting CVar [[con.DebugEarlyDefault:1]]
[2023.08.15-05.36.44:995][  0]LogConfig: Setting CVar [[r.setres:1280x720]]
[2023.08.15-05.36.44:995][  0]LogConfig: Setting CVar [[fx.NiagaraAllowRuntimeScalabilityChanges:1]]
[2023.08.15-05.36.44:995][  0]LogConfig: Applying CVar settings from Section [/Script/Engine.RendererSettings] File [../../../BallGame/Saved/Config/WindowsNoEditor/Engine.ini]
[2023.08.15-05.36.44:995][  0]LogConfig: Setting CVar [[r.GPUCrashDebugging:0]]
[2023.08.15-05.36.44:995][  0]LogConfig: Applying CVar settings from Section [/Script/Engine.RendererOverrideSettings] File [../../../BallGame/Saved/Config/WindowsNoEditor/Engine.ini]
[2023.08.15-05.36.44:995][  0]LogConfig: Applying CVar settings from Section [/Script/Engine.StreamingSettings] File [../../../BallGame/Saved/Config/WindowsNoEditor/Engine.ini]
[2023.08.15-05.36.44:995][  0]LogConfig: Setting CVar [[s.MinBulkDataSizeForAsyncLoading:131072]]
[2023.08.15-05.36.44:995][  0]LogConfig: Setting CVar [[s.AsyncLoadingThreadEnabled:0]]
[2023.08.15-05.36.44:995][  0]LogConfig: Setting CVar [[s.EventDrivenLoaderEnabled:1]]
[2023.08.15-05.36.44:995][  0]LogConfig: Setting CVar [[s.WarnIfTimeLimitExceeded:0]]
[2023.08.15-05.36.44:995][  0]LogConfig: Setting CVar [[s.TimeLimitExceededMultiplier:1.5]]
[2023.08.15-05.36.44:995][  0]LogConfig: Setting CVar [[s.TimeLimitExceededMinTime:0.005]]
[2023.08.15-05.36.44:995][  0]LogConfig: Setting CVar [[s.UseBackgroundLevelStreaming:1]]
[2023.08.15-05.36.44:995][  0]LogConfig: Setting CVar [[s.PriorityAsyncLoadingExtraTime:15.0]]
[2023.08.15-05.36.44:995][  0]LogConfig: Setting CVar [[s.LevelStreamingActorsUpdateTimeLimit:5.0]]
[2023.08.15-05.36.44:995][  0]LogConfig: Setting CVar [[s.PriorityLevelStreamingActorsUpdateExtraTime:5.0]]
[2023.08.15-05.36.44:995][  0]LogConfig: Setting CVar [[s.LevelStreamingComponentsRegistrationGranularity:10]]
[2023.08.15-05.36.44:995][  0]LogConfig: Setting CVar [[s.UnregisterComponentsTimeLimit:1.0]]
[2023.08.15-05.36.44:995][  0]LogConfig: Setting CVar [[s.LevelStreamingComponentsUnregistrationGranularity:5]]
[2023.08.15-05.36.44:995][  0]LogConfig: Setting CVar [[s.FlushStreamingOnExit:1]]
[2023.08.15-05.36.44:995][  0]LogConfig: Applying CVar settings from Section [/Script/Engine.GarbageCollectionSettings] File [../../../BallGame/Saved/Config/WindowsNoEditor/Engine.ini]
[2023.08.15-05.36.44:995][  0]LogConfig: Setting CVar [[gc.MaxObjectsNotConsideredByGC:1]]
[2023.08.15-05.36.44:995][  0]LogConfig: Setting CVar [[gc.SizeOfPermanentObjectPool:0]]
[2023.08.15-05.36.44:995][  0]LogConfig: Setting CVar [[gc.FlushStreamingOnGC:0]]
[2023.08.15-05.36.44:995][  0]LogConfig: Setting CVar [[gc.NumRetriesBeforeForcingGC:10]]
[2023.08.15-05.36.44:995][  0]LogConfig: Setting CVar [[gc.AllowParallelGC:1]]
[2023.08.15-05.36.44:995][  0]LogConfig: Setting CVar [[gc.TimeBetweenPurgingPendingKillObjects:61.1]]
[2023.08.15-05.36.44:995][  0]LogConfig: Setting CVar [[gc.MaxObjectsInEditor:25165824]]
[2023.08.15-05.36.44:995][  0]LogConfig: Setting CVar [[gc.IncrementalBeginDestroyEnabled:1]]
[2023.08.15-05.36.44:995][  0]LogConfig: Setting CVar [[gc.CreateGCClusters:1]]
[2023.08.15-05.36.44:995][  0]LogConfig: Setting CVar [[gc.MinGCClusterSize:5]]
[2023.08.15-05.36.44:995][  0]LogConfig: Setting CVar [[gc.ActorClusteringEnabled:0]]
[2023.08.15-05.36.44:995][  0]LogConfig: Setting CVar [[gc.BlueprintClusteringEnabled:0]]
[2023.08.15-05.36.44:995][  0]LogConfig: Setting CVar [[gc.UseDisregardForGCOnDedicatedServers:0]]
[2023.08.15-05.36.44:995][  0]LogConfig: Setting CVar [[gc.MultithreadedDestructionEnabled:1]]
[2023.08.15-05.36.44:995][  0]LogConfig: Applying CVar settings from Section [/Script/Engine.NetworkSettings] File [../../../BallGame/Saved/Config/WindowsNoEditor/Engine.ini]
[2023.08.15-05.36.45:020][  0]LogConfig: Applying CVar settings from Section [ViewDistanceQuality@3] File [../../../BallGame/Saved/Config/WindowsNoEditor/Scalability.ini]
[2023.08.15-05.36.45:020][  0]LogConfig: Setting CVar [[r.SkeletalMeshLODBias:0]]
[2023.08.15-05.36.45:020][  0]LogConfig: Setting CVar [[r.ViewDistanceScale:1.0]]
[2023.08.15-05.36.45:020][  0]LogConfig: Applying CVar settings from Section [AntiAliasingQuality@3] File [../../../BallGame/Saved/Config/WindowsNoEditor/Scalability.ini]
[2023.08.15-05.36.45:020][  0]LogConfig: Setting CVar [[r.PostProcessAAQuality:4]]
[2023.08.15-05.36.45:020][  0]LogConfig: Applying CVar settings from Section [ShadowQuality@3] File [../../../BallGame/Saved/Config/WindowsNoEditor/Scalability.ini]
[2023.08.15-05.36.45:020][  0]LogConfig: Setting CVar [[r.LightFunctionQuality:1]]
[2023.08.15-05.36.45:020][  0]LogConfig: Setting CVar [[r.ShadowQuality:5]]
[2023.08.15-05.36.45:020][  0]LogConfig: Setting CVar [[r.Shadow.CSM.MaxCascades:10]]
[2023.08.15-05.36.45:020][  0]LogConfig: Setting CVar [[r.Shadow.MaxResolution:2048]]
[2023.08.15-05.36.45:020][  0]LogConfig: Setting CVar [[r.Shadow.MaxCSMResolution:2048]]
[2023.08.15-05.36.45:020][  0]LogConfig: Setting CVar [[r.Shadow.RadiusThreshold:0.01]]
[2023.08.15-05.36.45:021][  0]LogConfig: Setting CVar [[r.Shadow.DistanceScale:1.0]]
[2023.08.15-05.36.45:021][  0]LogConfig: Setting CVar [[r.Shadow.CSM.TransitionScale:1.0]]
[2023.08.15-05.36.45:021][  0]LogConfig: Setting CVar [[r.Shadow.PreShadowResolutionFactor:1.0]]
[2023.08.15-05.36.45:021][  0]LogConfig: Setting CVar [[r.DistanceFieldShadowing:1]]
[2023.08.15-05.36.45:021][  0]LogConfig: Setting CVar [[r.DistanceFieldAO:1]]
[2023.08.15-05.36.45:021][  0]LogConfig: Setting CVar [[r.AOQuality:2]]
[2023.08.15-05.36.45:021][  0]LogConfig: Setting CVar [[r.VolumetricFog:1]]
[2023.08.15-05.36.45:021][  0]LogConfig: Setting CVar [[r.VolumetricFog.GridPixelSize:8]]
[2023.08.15-05.36.45:021][  0]LogConfig: Setting CVar [[r.VolumetricFog.GridSizeZ:128]]
[2023.08.15-05.36.45:021][  0]LogConfig: Setting CVar [[r.VolumetricFog.HistoryMissSupersampleCount:4]]
[2023.08.15-05.36.45:021][  0]LogConfig: Setting CVar [[r.LightMaxDrawDistanceScale:1]]
[2023.08.15-05.36.45:021][  0]LogConfig: Setting CVar [[r.CapsuleShadows:1]]
[2023.08.15-05.36.45:021][  0]LogConfig: Applying CVar settings from Section [PostProcessQuality@3] File [../../../BallGame/Saved/Config/WindowsNoEditor/Scalability.ini]
[2023.08.15-05.36.45:021][  0]LogConfig: Setting CVar [[r.MotionBlurQuality:4]]
[2023.08.15-05.36.45:021][  0]LogConfig: Setting CVar [[r.AmbientOcclusionMipLevelFactor:0.4]]
[2023.08.15-05.36.45:021][  0]LogConfig: Setting CVar [[r.AmbientOcclusionMaxQuality:100]]
[2023.08.15-05.36.45:021][  0]LogConfig: Setting CVar [[r.AmbientOcclusionLevels:-1]]
[2023.08.15-05.36.45:021][  0]LogConfig: Setting CVar [[r.AmbientOcclusionRadiusScale:1.0]]
[2023.08.15-05.36.45:021][  0]LogConfig: Setting CVar [[r.DepthOfFieldQuality:2]]
[2023.08.15-05.36.45:021][  0]LogConfig: Setting CVar [[r.RenderTargetPoolMin:400]]
[2023.08.15-05.36.45:021][  0]LogConfig: Setting CVar [[r.LensFlareQuality:2]]
[2023.08.15-05.36.45:021][  0]LogConfig: Setting CVar [[r.SceneColorFringeQuality:1]]
[2023.08.15-05.36.45:021][  0]LogConfig: Setting CVar [[r.EyeAdaptationQuality:2]]
[2023.08.15-05.36.45:021][  0]LogConfig: Setting CVar [[r.BloomQuality:5]]
[2023.08.15-05.36.45:021][  0]LogConfig: Setting CVar [[r.FastBlurThreshold:100]]
[2023.08.15-05.36.45:021][  0]LogConfig: Setting CVar [[r.Upscale.Quality:3]]
[2023.08.15-05.36.45:021][  0]LogConfig: Setting CVar [[r.Tonemapper.GrainQuantization:1]]
[2023.08.15-05.36.45:021][  0]LogConfig: Setting CVar [[r.LightShaftQuality:1]]
[2023.08.15-05.36.45:021][  0]LogConfig: Setting CVar [[r.Filter.SizeScale:1]]
[2023.08.15-05.36.45:021][  0]LogConfig: Setting CVar [[r.Tonemapper.Quality:5]]
[2023.08.15-05.36.45:021][  0]LogConfig: Setting CVar [[r.DOF.Gather.AccumulatorQuality:1        ; higher gathering accumulator quality]]
[2023.08.15-05.36.45:021][  0]LogConfig: Setting CVar [[r.DOF.Gather.PostfilterMethod:1          ; Median3x3 postfilering method]]
[2023.08.15-05.36.45:021][  0]LogConfig: Setting CVar [[r.DOF.Gather.EnableBokehSettings:0       ; no bokeh simulation when gathering]]
[2023.08.15-05.36.45:021][  0]LogConfig: Setting CVar [[r.DOF.Gather.RingCount:4                 ; medium number of samples when gathering]]
[2023.08.15-05.36.45:021][  0]LogConfig: Setting CVar [[r.DOF.Scatter.ForegroundCompositing:1    ; additive foreground scattering]]
[2023.08.15-05.36.45:021][  0]LogConfig: Setting CVar [[r.DOF.Scatter.BackgroundCompositing:2    ; additive background scattering]]
[2023.08.15-05.36.45:021][  0]LogConfig: Setting CVar [[r.DOF.Scatter.EnableBokehSettings:1      ; bokeh simulation when scattering]]
[2023.08.15-05.36.45:021][  0]LogConfig: Setting CVar [[r.DOF.Scatter.MaxSpriteRatio:0.1         ; only a maximum of 10% of scattered bokeh]]
[2023.08.15-05.36.45:021][  0]LogConfig: Setting CVar [[r.DOF.Recombine.Quality:1                ; cheap slight out of focus]]
[2023.08.15-05.36.45:021][  0]LogConfig: Setting CVar [[r.DOF.Recombine.EnableBokehSettings:0    ; no bokeh simulation on slight out of focus]]
[2023.08.15-05.36.45:021][  0]LogConfig: Setting CVar [[r.DOF.TemporalAAQuality:1                ; more stable temporal accumulation]]
[2023.08.15-05.36.45:021][  0]LogConfig: Setting CVar [[r.DOF.Kernel.MaxForegroundRadius:0.025]]
[2023.08.15-05.36.45:021][  0]LogConfig: Setting CVar [[r.DOF.Kernel.MaxBackgroundRadius:0.025]]
[2023.08.15-05.36.45:021][  0]LogConfig: Applying CVar settings from Section [TextureQuality@3] File [../../../BallGame/Saved/Config/WindowsNoEditor/Scalability.ini]
[2023.08.15-05.36.45:021][  0]LogConfig: Setting CVar [[r.Streaming.MipBias:0]]
[2023.08.15-05.36.45:021][  0]LogConfig: Setting CVar [[r.Streaming.AmortizeCPUToGPUCopy:0]]
[2023.08.15-05.36.45:021][  0]LogConfig: Setting CVar [[r.Streaming.MaxNumTexturesToStreamPerFrame:0]]
[2023.08.15-05.36.45:021][  0]LogConfig: Setting CVar [[r.Streaming.Boost:1]]
[2023.08.15-05.36.45:021][  0]LogConfig: Setting CVar [[r.MaxAnisotropy:8]]
[2023.08.15-05.36.45:021][  0]LogConfig: Setting CVar [[r.VT.MaxAnisotropy:8]]
[2023.08.15-05.36.45:021][  0]LogConfig: Setting CVar [[r.Streaming.LimitPoolSizeToVRAM:0]]
[2023.08.15-05.36.45:021][  0]LogConfig: Setting CVar [[r.Streaming.PoolSize:1000]]
[2023.08.15-05.36.45:021][  0]LogConfig: Setting CVar [[r.Streaming.MaxEffectiveScreenSize:0]]
[2023.08.15-05.36.45:021][  0]LogConfig: Applying CVar settings from Section [EffectsQuality@3] File [../../../BallGame/Saved/Config/WindowsNoEditor/Scalability.ini]
[2023.08.15-05.36.45:021][  0]LogConfig: Setting CVar [[r.TranslucencyLightingVolumeDim:64]]
[2023.08.15-05.36.45:021][  0]LogConfig: Setting CVar [[r.RefractionQuality:2]]
[2023.08.15-05.36.45:021][  0]LogConfig: Setting CVar [[r.SSR.Quality:3]]
[2023.08.15-05.36.45:021][  0]LogConfig: Setting CVar [[r.SSR.HalfResSceneColor:0]]
[2023.08.15-05.36.45:021][  0]LogConfig: Setting CVar [[r.SceneColorFormat:4]]
[2023.08.15-05.36.45:021][  0]LogConfig: Setting CVar [[r.DetailMode:2]]
[2023.08.15-05.36.45:021][  0]LogConfig: Setting CVar [[r.TranslucencyVolumeBlur:1]]
[2023.08.15-05.36.45:021][  0]LogConfig: Setting CVar [[r.MaterialQualityLevel:1 ; High quality]]
[2023.08.15-05.36.45:021][  0]LogConfig: Setting CVar [[r.AnisotropicMaterials:1]]
[2023.08.15-05.36.45:021][  0]LogConfig: Setting CVar [[r.SSS.Scale:1]]
[2023.08.15-05.36.45:021][  0]LogConfig: Setting CVar [[r.SSS.SampleSet:2]]
[2023.08.15-05.36.45:021][  0]LogConfig: Setting CVar [[r.SSS.Quality:1]]
[2023.08.15-05.36.45:021][  0]LogConfig: Setting CVar [[r.SSS.HalfRes:0]]
[2023.08.15-05.36.45:021][  0]LogConfig: Setting CVar [[r.SSGI.Quality:3]]
[2023.08.15-05.36.45:021][  0]LogConfig: Setting CVar [[r.EmitterSpawnRateScale:1.0]]
[2023.08.15-05.36.45:021][  0]LogConfig: Setting CVar [[r.ParticleLightQuality:2]]
[2023.08.15-05.36.45:021][  0]LogConfig: Setting CVar [[r.SkyAtmosphere.AerialPerspectiveLUT.FastApplyOnOpaque:1 ; Always have FastSkyLUT 1 in this case to avoid wrong sky]]
[2023.08.15-05.36.45:021][  0]LogConfig: Setting CVar [[r.SkyAtmosphere.AerialPerspectiveLUT.SampleCountMaxPerSlice:4]]
[2023.08.15-05.36.45:021][  0]LogConfig: Setting CVar [[r.SkyAtmosphere.AerialPerspectiveLUT.DepthResolution:16.0]]
[2023.08.15-05.36.45:021][  0]LogConfig: Setting CVar [[r.SkyAtmosphere.FastSkyLUT:1]]
[2023.08.15-05.36.45:021][  0]LogConfig: Setting CVar [[r.SkyAtmosphere.FastSkyLUT.SampleCountMin:4.0]]
[2023.08.15-05.36.45:021][  0]LogConfig: Setting CVar [[r.SkyAtmosphere.FastSkyLUT.SampleCountMax:128.0]]
[2023.08.15-05.36.45:021][  0]LogConfig: Setting CVar [[r.SkyAtmosphere.SampleCountMin:4.0]]
[2023.08.15-05.36.45:021][  0]LogConfig: Setting CVar [[r.SkyAtmosphere.SampleCountMax:128.0]]
[2023.08.15-05.36.45:021][  0]LogConfig: Setting CVar [[r.SkyAtmosphere.TransmittanceLUT.UseSmallFormat:0]]
[2023.08.15-05.36.45:021][  0]LogConfig: Setting CVar [[r.SkyAtmosphere.TransmittanceLUT.SampleCount:10.0]]
[2023.08.15-05.36.45:021][  0]LogConfig: Setting CVar [[r.SkyAtmosphere.MultiScatteringLUT.SampleCount:15.0]]
[2023.08.15-05.36.45:021][  0]LogConfig: Setting CVar [[r.SkyLight.RealTimeReflectionCapture:1]]
[2023.08.15-05.36.45:021][  0]LogConfig: Setting CVar [[fx.Niagara.QualityLevel:3]]
[2023.08.15-05.36.45:021][  0]LogConfig: Applying CVar settings from Section [FoliageQuality@3] File [../../../BallGame/Saved/Config/WindowsNoEditor/Scalability.ini]
[2023.08.15-05.36.45:021][  0]LogConfig: Setting CVar [[foliage.DensityScale:1.0]]
[2023.08.15-05.36.45:021][  0]LogConfig: Setting CVar [[grass.DensityScale:1.0]]
[2023.08.15-05.36.45:021][  0]LogConfig: Applying CVar settings from Section [ShadingQuality@3] File [../../../BallGame/Saved/Config/WindowsNoEditor/Scalability.ini]
[2023.08.15-05.36.45:021][  0]LogConfig: Setting CVar [[r.HairStrands.SkyLighting.IntegrationType:2]]
[2023.08.15-05.36.45:021][  0]LogConfig: Setting CVar [[r.HairStrands.SkyAO.SampleCount:4]]
[2023.08.15-05.36.45:021][  0]LogConfig: Setting CVar [[r.HairStrands.Visibility.MSAA.SamplePerPixel:4]]
[2023.08.15-05.36.45:021][  0]LogConfig: Setting CVar [[r.HairStrands.Interpolation.UseSingleGuide:0]]
[2023.08.15-05.36.45:021][  0]LogInit: Selected Device Profile: [WindowsNoEditor]
[2023.08.15-05.36.45:021][  0]LogInit: Applying CVar settings loaded from the selected device profile: [WindowsNoEditor]
[2023.08.15-05.36.45:022][  0]LogHAL: Display: Platform has ~ 16 GB [17117470720 / 17179869184 / 16], which maps to Larger [LargestMinGB=32, LargerMinGB=12, DefaultMinGB=8, SmallerMinGB=6, SmallestMinGB=0)
[2023.08.15-05.36.45:022][  0]LogInit: Going up to parent DeviceProfile [Windows]
[2023.08.15-05.36.45:022][  0]LogInit: Going up to parent DeviceProfile []
[2023.08.15-05.36.45:022][  0]LogConfig: Applying CVar settings from Section [ViewDistanceQuality@3] File [../../../BallGame/Saved/Config/WindowsNoEditor/Scalability.ini]
[2023.08.15-05.36.45:022][  0]LogConfig: Setting CVar [[r.SkeletalMeshLODBias:0]]
[2023.08.15-05.36.45:022][  0]LogConfig: Setting CVar [[r.ViewDistanceScale:1.0]]
[2023.08.15-05.36.45:022][  0]LogConfig: Applying CVar settings from Section [AntiAliasingQuality@3] File [../../../BallGame/Saved/Config/WindowsNoEditor/Scalability.ini]
[2023.08.15-05.36.45:022][  0]LogConfig: Setting CVar [[r.PostProcessAAQuality:4]]
[2023.08.15-05.36.45:022][  0]LogConfig: Applying CVar settings from Section [ShadowQuality@3] File [../../../BallGame/Saved/Config/WindowsNoEditor/Scalability.ini]
[2023.08.15-05.36.45:022][  0]LogConfig: Setting CVar [[r.LightFunctionQuality:1]]
[2023.08.15-05.36.45:022][  0]LogConfig: Setting CVar [[r.ShadowQuality:5]]
[2023.08.15-05.36.45:022][  0]LogConfig: Setting CVar [[r.Shadow.CSM.MaxCascades:10]]
[2023.08.15-05.36.45:022][  0]LogConfig: Setting CVar [[r.Shadow.MaxResolution:2048]]
[2023.08.15-05.36.45:022][  0]LogConfig: Setting CVar [[r.Shadow.MaxCSMResolution:2048]]
[2023.08.15-05.36.45:022][  0]LogConfig: Setting CVar [[r.Shadow.RadiusThreshold:0.01]]
[2023.08.15-05.36.45:022][  0]LogConfig: Setting CVar [[r.Shadow.DistanceScale:1.0]]
[2023.08.15-05.36.45:022][  0]LogConfig: Setting CVar [[r.Shadow.CSM.TransitionScale:1.0]]
[2023.08.15-05.36.45:022][  0]LogConfig: Setting CVar [[r.Shadow.PreShadowResolutionFactor:1.0]]
[2023.08.15-05.36.45:022][  0]LogConfig: Setting CVar [[r.DistanceFieldShadowing:1]]
[2023.08.15-05.36.45:022][  0]LogConfig: Setting CVar [[r.DistanceFieldAO:1]]
[2023.08.15-05.36.45:022][  0]LogConfig: Setting CVar [[r.AOQuality:2]]
[2023.08.15-05.36.45:022][  0]LogConfig: Setting CVar [[r.VolumetricFog:1]]
[2023.08.15-05.36.45:022][  0]LogConfig: Setting CVar [[r.VolumetricFog.GridPixelSize:8]]
[2023.08.15-05.36.45:022][  0]LogConfig: Setting CVar [[r.VolumetricFog.GridSizeZ:128]]
[2023.08.15-05.36.45:022][  0]LogConfig: Setting CVar [[r.VolumetricFog.HistoryMissSupersampleCount:4]]
[2023.08.15-05.36.45:022][  0]LogConfig: Setting CVar [[r.LightMaxDrawDistanceScale:1]]
[2023.08.15-05.36.45:022][  0]LogConfig: Setting CVar [[r.CapsuleShadows:1]]
[2023.08.15-05.36.45:022][  0]LogConfig: Applying CVar settings from Section [PostProcessQuality@3] File [../../../BallGame/Saved/Config/WindowsNoEditor/Scalability.ini]
[2023.08.15-05.36.45:022][  0]LogConfig: Setting CVar [[r.MotionBlurQuality:4]]
[2023.08.15-05.36.45:022][  0]LogConfig: Setting CVar [[r.AmbientOcclusionMipLevelFactor:0.4]]
[2023.08.15-05.36.45:022][  0]LogConfig: Setting CVar [[r.AmbientOcclusionMaxQuality:100]]
[2023.08.15-05.36.45:022][  0]LogConfig: Setting CVar [[r.AmbientOcclusionLevels:-1]]
[2023.08.15-05.36.45:022][  0]LogConfig: Setting CVar [[r.AmbientOcclusionRadiusScale:1.0]]
[2023.08.15-05.36.45:022][  0]LogConfig: Setting CVar [[r.DepthOfFieldQuality:2]]
[2023.08.15-05.36.45:022][  0]LogConfig: Setting CVar [[r.RenderTargetPoolMin:400]]
[2023.08.15-05.36.45:022][  0]LogConfig: Setting CVar [[r.LensFlareQuality:2]]
[2023.08.15-05.36.45:022][  0]LogConfig: Setting CVar [[r.SceneColorFringeQuality:1]]
[2023.08.15-05.36.45:022][  0]LogConfig: Setting CVar [[r.EyeAdaptationQuality:2]]
[2023.08.15-05.36.45:022][  0]LogConfig: Setting CVar [[r.BloomQuality:5]]
[2023.08.15-05.36.45:022][  0]LogConfig: Setting CVar [[r.FastBlurThreshold:100]]
[2023.08.15-05.36.45:022][  0]LogConfig: Setting CVar [[r.Upscale.Quality:3]]
[2023.08.15-05.36.45:022][  0]LogConfig: Setting CVar [[r.Tonemapper.GrainQuantization:1]]
[2023.08.15-05.36.45:022][  0]LogConfig: Setting CVar [[r.LightShaftQuality:1]]
[2023.08.15-05.36.45:022][  0]LogConfig: Setting CVar [[r.Filter.SizeScale:1]]
[2023.08.15-05.36.45:022][  0]LogConfig: Setting CVar [[r.Tonemapper.Quality:5]]
[2023.08.15-05.36.45:022][  0]LogConfig: Setting CVar [[r.DOF.Gather.AccumulatorQuality:1        ; higher gathering accumulator quality]]
[2023.08.15-05.36.45:022][  0]LogConfig: Setting CVar [[r.DOF.Gather.PostfilterMethod:1          ; Median3x3 postfilering method]]
[2023.08.15-05.36.45:022][  0]LogConfig: Setting CVar [[r.DOF.Gather.EnableBokehSettings:0       ; no bokeh simulation when gathering]]
[2023.08.15-05.36.45:022][  0]LogConfig: Setting CVar [[r.DOF.Gather.RingCount:4                 ; medium number of samples when gathering]]
[2023.08.15-05.36.45:022][  0]LogConfig: Setting CVar [[r.DOF.Scatter.ForegroundCompositing:1    ; additive foreground scattering]]
[2023.08.15-05.36.45:022][  0]LogConfig: Setting CVar [[r.DOF.Scatter.BackgroundCompositing:2    ; additive background scattering]]
[2023.08.15-05.36.45:022][  0]LogConfig: Setting CVar [[r.DOF.Scatter.EnableBokehSettings:1      ; bokeh simulation when scattering]]
[2023.08.15-05.36.45:022][  0]LogConfig: Setting CVar [[r.DOF.Scatter.MaxSpriteRatio:0.1         ; only a maximum of 10% of scattered bokeh]]
[2023.08.15-05.36.45:022][  0]LogConfig: Setting CVar [[r.DOF.Recombine.Quality:1                ; cheap slight out of focus]]
[2023.08.15-05.36.45:022][  0]LogConfig: Setting CVar [[r.DOF.Recombine.EnableBokehSettings:0    ; no bokeh simulation on slight out of focus]]
[2023.08.15-05.36.45:022][  0]LogConfig: Setting CVar [[r.DOF.TemporalAAQuality:1                ; more stable temporal accumulation]]
[2023.08.15-05.36.45:022][  0]LogConfig: Setting CVar [[r.DOF.Kernel.MaxForegroundRadius:0.025]]
[2023.08.15-05.36.45:022][  0]LogConfig: Setting CVar [[r.DOF.Kernel.MaxBackgroundRadius:0.025]]
[2023.08.15-05.36.45:022][  0]LogConfig: Applying CVar settings from Section [TextureQuality@3] File [../../../BallGame/Saved/Config/WindowsNoEditor/Scalability.ini]
[2023.08.15-05.36.45:022][  0]LogConfig: Setting CVar [[r.Streaming.MipBias:0]]
[2023.08.15-05.36.45:022][  0]LogConfig: Setting CVar [[r.Streaming.AmortizeCPUToGPUCopy:0]]
[2023.08.15-05.36.45:022][  0]LogConfig: Setting CVar [[r.Streaming.MaxNumTexturesToStreamPerFrame:0]]
[2023.08.15-05.36.45:022][  0]LogConfig: Setting CVar [[r.Streaming.Boost:1]]
[2023.08.15-05.36.45:022][  0]LogConfig: Setting CVar [[r.MaxAnisotropy:8]]
[2023.08.15-05.36.45:022][  0]LogConfig: Setting CVar [[r.VT.MaxAnisotropy:8]]
[2023.08.15-05.36.45:022][  0]LogConfig: Setting CVar [[r.Streaming.LimitPoolSizeToVRAM:0]]
[2023.08.15-05.36.45:022][  0]LogConfig: Setting CVar [[r.Streaming.PoolSize:1000]]
[2023.08.15-05.36.45:022][  0]LogConfig: Setting CVar [[r.Streaming.MaxEffectiveScreenSize:0]]
[2023.08.15-05.36.45:022][  0]LogConfig: Applying CVar settings from Section [EffectsQuality@3] File [../../../BallGame/Saved/Config/WindowsNoEditor/Scalability.ini]
[2023.08.15-05.36.45:022][  0]LogConfig: Setting CVar [[r.TranslucencyLightingVolumeDim:64]]
[2023.08.15-05.36.45:022][  0]LogConfig: Setting CVar [[r.RefractionQuality:2]]
[2023.08.15-05.36.45:022][  0]LogConfig: Setting CVar [[r.SSR.Quality:3]]
[2023.08.15-05.36.45:022][  0]LogConfig: Setting CVar [[r.SSR.HalfResSceneColor:0]]
[2023.08.15-05.36.45:022][  0]LogConfig: Setting CVar [[r.SceneColorFormat:4]]
[2023.08.15-05.36.45:022][  0]LogConfig: Setting CVar [[r.DetailMode:2]]
[2023.08.15-05.36.45:022][  0]LogConfig: Setting CVar [[r.TranslucencyVolumeBlur:1]]
[2023.08.15-05.36.45:022][  0]LogConfig: Setting CVar [[r.MaterialQualityLevel:1 ; High quality]]
[2023.08.15-05.36.45:022][  0]LogConfig: Setting CVar [[r.AnisotropicMaterials:1]]
[2023.08.15-05.36.45:022][  0]LogConfig: Setting CVar [[r.SSS.Scale:1]]
[2023.08.15-05.36.45:022][  0]LogConfig: Setting CVar [[r.SSS.SampleSet:2]]
[2023.08.15-05.36.45:022][  0]LogConfig: Setting CVar [[r.SSS.Quality:1]]
[2023.08.15-05.36.45:022][  0]LogConfig: Setting CVar [[r.SSS.HalfRes:0]]
[2023.08.15-05.36.45:022][  0]LogConfig: Setting CVar [[r.SSGI.Quality:3]]
[2023.08.15-05.36.45:022][  0]LogConfig: Setting CVar [[r.EmitterSpawnRateScale:1.0]]
[2023.08.15-05.36.45:022][  0]LogConfig: Setting CVar [[r.ParticleLightQuality:2]]
[2023.08.15-05.36.45:022][  0]LogConfig: Setting CVar [[r.SkyAtmosphere.AerialPerspectiveLUT.FastApplyOnOpaque:1 ; Always have FastSkyLUT 1 in this case to avoid wrong sky]]
[2023.08.15-05.36.45:022][  0]LogConfig: Setting CVar [[r.SkyAtmosphere.AerialPerspectiveLUT.SampleCountMaxPerSlice:4]]
[2023.08.15-05.36.45:022][  0]LogConfig: Setting CVar [[r.SkyAtmosphere.AerialPerspectiveLUT.DepthResolution:16.0]]
[2023.08.15-05.36.45:022][  0]LogConfig: Setting CVar [[r.SkyAtmosphere.FastSkyLUT:1]]
[2023.08.15-05.36.45:022][  0]LogConfig: Setting CVar [[r.SkyAtmosphere.FastSkyLUT.SampleCountMin:4.0]]
[2023.08.15-05.36.45:022][  0]LogConfig: Setting CVar [[r.SkyAtmosphere.FastSkyLUT.SampleCountMax:128.0]]
[2023.08.15-05.36.45:022][  0]LogConfig: Setting CVar [[r.SkyAtmosphere.SampleCountMin:4.0]]
[2023.08.15-05.36.45:022][  0]LogConfig: Setting CVar [[r.SkyAtmosphere.SampleCountMax:128.0]]
[2023.08.15-05.36.45:022][  0]LogConfig: Setting CVar [[r.SkyAtmosphere.TransmittanceLUT.UseSmallFormat:0]]
[2023.08.15-05.36.45:022][  0]LogConfig: Setting CVar [[r.SkyAtmosphere.TransmittanceLUT.SampleCount:10.0]]
[2023.08.15-05.36.45:023][  0]LogConfig: Setting CVar [[r.SkyAtmosphere.MultiScatteringLUT.SampleCount:15.0]]
[2023.08.15-05.36.45:023][  0]LogConfig: Setting CVar [[r.SkyLight.RealTimeReflectionCapture:1]]
[2023.08.15-05.36.45:023][  0]LogConfig: Setting CVar [[fx.Niagara.QualityLevel:3]]
[2023.08.15-05.36.45:023][  0]LogConfig: Applying CVar settings from Section [FoliageQuality@3] File [../../../BallGame/Saved/Config/WindowsNoEditor/Scalability.ini]
[2023.08.15-05.36.45:023][  0]LogConfig: Setting CVar [[foliage.DensityScale:1.0]]
[2023.08.15-05.36.45:023][  0]LogConfig: Setting CVar [[grass.DensityScale:1.0]]
[2023.08.15-05.36.45:023][  0]LogConfig: Applying CVar settings from Section [ShadingQuality@3] File [../../../BallGame/Saved/Config/WindowsNoEditor/Scalability.ini]
[2023.08.15-05.36.45:023][  0]LogConfig: Setting CVar [[r.HairStrands.SkyLighting.IntegrationType:2]]
[2023.08.15-05.36.45:023][  0]LogConfig: Setting CVar [[r.HairStrands.SkyAO.SampleCount:4]]
[2023.08.15-05.36.45:023][  0]LogConfig: Setting CVar [[r.HairStrands.Visibility.MSAA.SamplePerPixel:4]]
[2023.08.15-05.36.45:023][  0]LogConfig: Setting CVar [[r.HairStrands.Interpolation.UseSingleGuide:0]]
[2023.08.15-05.36.45:023][  0]LogConfig: Applying CVar settings from Section [Startup] File [../../../Engine/Config/ConsoleVariables.ini]
[2023.08.15-05.36.45:023][  0]LogConfig: Setting CVar [[net.UseAdaptiveNetUpdateFrequency:0]]
[2023.08.15-05.36.45:023][  0]LogConfig: Setting CVar [[p.chaos.AllowCreatePhysxBodies:1]]
[2023.08.15-05.36.45:023][  0]LogConfig: Setting CVar [[fx.SkipVectorVMBackendOptimizations:1]]
[2023.08.15-05.36.45:023][  0]LogConfig: Applying CVar settings from Section [ConsoleVariables] File [../../../BallGame/Saved/Config/WindowsNoEditor/Engine.ini]
[2023.08.15-05.36.45:023][  0]LogInit: Computer: DESKTOP-2K2Q5C3
[2023.08.15-05.36.45:023][  0]LogInit: User: ReegaN
[2023.08.15-05.36.45:023][  0]LogInit: CPU Page size=4096, Cores=4
[2023.08.15-05.36.45:023][  0]LogInit: High frequency timer resolution =10.000000 MHz
[2023.08.15-05.36.45:023][  0]LogMemory: Memory total: Physical=15.9GB (16GB approx)
[2023.08.15-05.36.45:023][  0]LogMemory: Platform Memory Stats for WindowsNoEditor
[2023.08.15-05.36.45:023][  0]LogMemory: Process Physical Memory: 81.02 MB used, 81.02 MB peak
[2023.08.15-05.36.45:023][  0]LogMemory: Process Virtual Memory: 79.96 MB used, 79.96 MB peak
[2023.08.15-05.36.45:023][  0]LogMemory: Physical Memory: 10012.82 MB used,  6311.67 MB free, 16324.49 MB total
[2023.08.15-05.36.45:023][  0]LogMemory: Virtual Memory: 134213528.00 MB used,  4200.86 MB free, 134217728.00 MB total
[2023.08.15-05.36.45:028][  0]LogWindows: WindowsPlatformFeatures enabled
[2023.08.15-05.36.45:204][  0]LogInit: Physics initialised using underlying interface: PhysX
[2023.08.15-05.36.45:204][  0]LogInit: Using OS detected language (en-US).
[2023.08.15-05.36.45:204][  0]LogInit: Using OS detected locale (en-GB).
[2023.08.15-05.36.45:205][  0]LogTextLocalizationManager: No specific localization for 'en-US' exists, so the 'en' localization will be used.
[2023.08.15-05.36.45:230][  0]LogWindowsTextInputMethodSystem: Display: IME system deactivated.
[2023.08.15-05.36.45:259][  0]LogSlate: New Slate User Created.  User Index 0, Is Virtual User: 0
[2023.08.15-05.36.45:259][  0]LogSlate: Slate User Registered.  User Index 0, Is Virtual User: 0
[2023.08.15-05.36.45:312][  0]LogD3D11RHI: Loaded GFSDK_Aftermath_Lib.x64.dll
[2023.08.15-05.36.45:315][  0]LogHMD: Failed to initialize OpenVR with code 110
[2023.08.15-05.36.45:315][  0]LogD3D11RHI: D3D11 min allowed feature level: 11_0
[2023.08.15-05.36.45:315][  0]LogD3D11RHI: D3D11 max allowed feature level: 11_0
[2023.08.15-05.36.45:315][  0]LogD3D11RHI: D3D11 adapters:
[2023.08.15-05.36.45:484][  0]LogD3D11RHI:    0. 'NVIDIA GeForce GTX 1070' (Feature Level 11_0)
[2023.08.15-05.36.45:484][  0]LogD3D11RHI:       8081/0/8162 MB DedicatedVideo/DedicatedSystem/SharedSystem, Outputs:2, VendorId:0x10de
[2023.08.15-05.36.45:489][  0]LogD3D11RHI:    1. 'Microsoft Basic Render Driver' (Feature Level 11_0)
[2023.08.15-05.36.45:489][  0]LogD3D11RHI:       0/0/8162 MB DedicatedVideo/DedicatedSystem/SharedSystem, Outputs:0, VendorId:0x1414
[2023.08.15-05.36.45:489][  0]LogD3D11RHI: Chosen D3D11 Adapter:
[2023.08.15-05.36.45:489][  0]LogD3D11RHI:     Description : NVIDIA GeForce GTX 1070
[2023.08.15-05.36.45:489][  0]LogD3D11RHI:     VendorId    : 10de
[2023.08.15-05.36.45:489][  0]LogD3D11RHI:     DeviceId    : 1b81
[2023.08.15-05.36.45:489][  0]LogD3D11RHI:     SubSysId    : 61703842
[2023.08.15-05.36.45:489][  0]LogD3D11RHI:     Revision    : 00a1
[2023.08.15-05.36.45:489][  0]LogD3D11RHI:     DedicatedVideoMemory : 8473542656 bytes
[2023.08.15-05.36.45:489][  0]LogD3D11RHI:     DedicatedSystemMemory : 0 bytes
[2023.08.15-05.36.45:489][  0]LogD3D11RHI:     SharedSystemMemory : 8558735360 bytes
[2023.08.15-05.36.45:489][  0]LogD3D11RHI:     AdapterLuid : 0 57290
[2023.08.15-05.36.45:495][  0]LogD3D11RHI: Creating new Direct3DDevice
[2023.08.15-05.36.45:495][  0]LogD3D11RHI:     GPU DeviceId: 0x1b81 (for the marketing name, search the web for "GPU Device Id")
[2023.08.15-05.36.45:495][  0]LogWindows: EnumDisplayDevices:
[2023.08.15-05.36.45:495][  0]LogWindows:    0. 'NVIDIA GeForce GTX 1070' (P:1 D:1)
[2023.08.15-05.36.45:496][  0]LogWindows:    1. 'NVIDIA GeForce GTX 1070' (P:0 D:1)
[2023.08.15-05.36.45:496][  0]LogWindows:    2. 'NVIDIA GeForce GTX 1070' (P:0 D:0)
[2023.08.15-05.36.45:496][  0]LogWindows:    3. 'NVIDIA GeForce GTX 1070' (P:0 D:0)
[2023.08.15-05.36.45:496][  0]LogWindows: DebugString: FoundDriverCount:4 
[2023.08.15-05.36.45:496][  0]LogD3D11RHI:     Adapter Name: NVIDIA GeForce GTX 1070
[2023.08.15-05.36.45:496][  0]LogD3D11RHI:   Driver Version: 536.99 (internal:31.0.15.3699, unified:536.99)
[2023.08.15-05.36.45:496][  0]LogD3D11RHI:      Driver Date: 8-4-2023
[2023.08.15-05.36.45:496][  0]LogRHI: Texture pool is 5656 MB (70% of 8081 MB)
[2023.08.15-05.36.45:496][  0]LogD3D11RHI: Creating D3DDevice using adapter:
[2023.08.15-05.36.45:496][  0]LogD3D11RHI:     Description : NVIDIA GeForce GTX 1070
[2023.08.15-05.36.45:496][  0]LogD3D11RHI:     VendorId    : 10de
[2023.08.15-05.36.45:496][  0]LogD3D11RHI:     DeviceId    : 1b81
[2023.08.15-05.36.45:496][  0]LogD3D11RHI:     SubSysId    : 61703842
[2023.08.15-05.36.45:496][  0]LogD3D11RHI:     Revision    : 00a1
[2023.08.15-05.36.45:496][  0]LogD3D11RHI:     DedicatedVideoMemory : 8473542656 bytes
[2023.08.15-05.36.45:496][  0]LogD3D11RHI:     DedicatedSystemMemory : 0 bytes
[2023.08.15-05.36.45:496][  0]LogD3D11RHI:     SharedSystemMemory : 8558735360 bytes
[2023.08.15-05.36.45:496][  0]LogD3D11RHI:     AdapterLuid : 0 57290
[2023.08.15-05.36.45:594][  0]LogD3D11RHI: RHI has support for 64 bit atomics
[2023.08.15-05.36.45:595][  0]LogD3D11RHI: Async texture creation enabled
[2023.08.15-05.36.45:595][  0]LogD3D11RHI: Array index from any shader is supported
[2023.08.15-05.36.45:613][  0]LogD3D11RHI: GPU Timing Frequency: 1000.000000 (Debug: 2 1)
[2023.08.15-05.36.45:725][  0]LogRHI: GeForceNow SDK initialized: 1
[2023.08.15-05.36.45:725][  0]LogRendererCore: Ray tracing is disabled. Reason: r.RayTracing=0.
[2023.08.15-05.36.45:731][  0]LogShaderLibrary: Display: Using ../../../BallGame/Content/ShaderArchive-Global-PCD3D_SM5.ushaderbytecode for material shader code. Total 2354 unique shaders.
[2023.08.15-05.36.45:731][  0]LogShaderLibrary: Display: Cooked Context: Using Shared Shader Library Global
[2023.08.15-05.36.45:731][  0]LogShaderLibrary: Display: Logical shader library 'Global' has been created, components 1
[2023.08.15-05.36.45:732][  0]LogTemp: Warning: Clearing the OS Cache
[2023.08.15-05.36.45:732][  0]LogODSC: ODSC Thread active.
[2023.08.15-05.36.45:734][  0]LogPakFile: New pak file ../../../BallGame/Content/Paks/BallGame-WindowsNoEditor.pak added to pak precacher.
[2023.08.15-05.36.45:754][  0]LogSlate: Using FreeType 2.10.0
[2023.08.15-05.36.45:754][  0]LogSlate: SlateFontServices - WITH_FREETYPE: 1, WITH_HARFBUZZ: 1
[2023.08.15-05.36.45:794][  0]LogShaderLibrary: Display: Using ../../../BallGame/Content/ShaderArchive-BallGame-PCD3D_SM5.ushaderbytecode for material shader code. Total 2891 unique shaders.
[2023.08.15-05.36.45:794][  0]LogShaderLibrary: Display: Cooked Context: Using Shared Shader Library BallGame
[2023.08.15-05.36.45:794][  0]LogShaderLibrary: Display: Logical shader library 'BallGame' has been created, components 1
[2023.08.15-05.36.45:794][  0]LogRHI: Display: Opened pipeline cache after state change and enqueued 0 of 0 tasks for precompile.
[2023.08.15-05.36.45:794][  0]LogShaderLibrary: Display: Using ../../../BallGame/Content/ShaderArchive-BallGame-PCD3D_SM5.ushaderbytecode for material shader code. Total 2891 unique shaders.
[2023.08.15-05.36.45:794][  0]LogShaderLibrary: Display: Cooked Context: Using Shared Shader Library BallGame
[2023.08.15-05.36.45:794][  0]LogRHI: Display: Opened pipeline cache after state change and enqueued 0 of 0 tasks for precompile.
[2023.08.15-05.36.45:794][  0]LogRHI: Display: Failed to open default shader pipeline cache for BallGame using shader platform 0.
[2023.08.15-05.36.45:794][  0]LogInit: Using OS detected language (en-US).
[2023.08.15-05.36.45:794][  0]LogInit: Using OS detected locale (en-GB).
[2023.08.15-05.36.45:794][  0]LogTextLocalizationManager: No localization for 'en-US' exists, so 'en' will be used for the language.
[2023.08.15-05.36.45:794][  0]LogTextLocalizationManager: No localization for 'en-GB' exists, so 'en' will be used for the locale.
[2023.08.15-05.36.45:795][  0]LogSlate: FontCache flush requested. Reason: Culture for localization was changed
[2023.08.15-05.36.45:795][  0]LogSlate: FontCache flush requested. Reason: Culture for localization was changed
[2023.08.15-05.36.45:795][  0]LogAssetRegistry: FAssetRegistry took 0.0007 seconds to start up
[2023.08.15-05.36.45:876][  0]LogTextLocalizationManager: Compacting localization data took   0.82ms
[2023.08.15-05.36.45:876][  0]LogStreaming: Display: FlushAsyncLoading: 1 QueuedPackages, 0 AsyncPackages
[2023.08.15-05.36.45:876][  0]LogPackageLocalizationCache: Processed 29 localized package path(s) for 1 prioritized culture(s) in 0.000074 seconds
[2023.08.15-05.36.45:882][  0]LogSerialization: Display: AllowBulkDataInIoStore: 'true'
[2023.08.15-05.36.45:882][  0]LogInit: Selected Device Profile: [WindowsNoEditor]
[2023.08.15-05.36.45:883][  0]LogInit: Active device profile: [0000027465FFC640][0000027455D10010 49] WindowsNoEditor
[2023.08.15-05.36.45:883][  0]LogInit: Profiles: [0000027465FFC940][000002746238DB70 49] Windows, [0000027465FFC640][0000027455D10010 49] WindowsNoEditor, 
[2023.08.15-05.36.45:926][  0]LogNetVersion: BallGame 1.0.0, NetCL: 17155196, EngineNetVer: 17, GameNetVer: 0 (Checksum: 94078444)
[2023.08.15-05.36.45:995][  0]LogAudioCaptureCore: Display: No Audio Capture implementations found. Audio input will be silent.
[2023.08.15-05.36.45:995][  0]LogAudioCaptureCore: Display: No Audio Capture implementations found. Audio input will be silent.
[2023.08.15-05.36.45:996][  0]LogHMD: PokeAHoleMaterial loaded successfully
[2023.08.15-05.36.46:036][  0]LogMoviePlayer: Initializing movie player
[2023.08.15-05.36.46:037][  0]LogNiagaraDebuggerClient: Niagara Debugger Client Initialized | Session: 0C7D290D4A3C7D0332713EA2695AEE38 | Instance: 2BF8DF7E44CC802C02F60590EA75D98E (DESKTOP-2K2Q5C3-15720).
[2023.08.15-05.36.46:038][  0]LogAndroidPermission: UAndroidPermissionCallbackProxy::GetInstance
[2023.08.15-05.36.46:038][  0]LogOcInput: OculusInput pre-init called
[2023.08.15-05.36.46:043][  0]LogUObjectArray: 16723 objects as part of root set at end of initial load.
[2023.08.15-05.36.46:043][  0]LogUObjectArray: 2 objects are not in the root set, but can never be destroyed because they are in the DisregardForGC set.
[2023.08.15-05.36.46:043][  0]LogUObjectAllocator: 3344680 out of 0 bytes used by permanent object pool.
[2023.08.15-05.36.46:043][  0]LogUObjectArray: CloseDisregardForGC: 16723/16723 objects in disregard for GC pool
[2023.08.15-05.36.46:043][  0]LogEngine: Initializing Engine...
[2023.08.15-05.36.46:093][  0]LogHMD: Failed to enumerate extensions. Please check that you have a valid OpenXR runtime installed.
[2023.08.15-05.36.46:094][  0]LogHMD: Failed to initialize OpenVR with code 110
[2023.08.15-05.36.46:094][  0]LogStats: UGameplayTagsManager::InitializeManager -  0.000 s
[2023.08.15-05.36.46:179][  0]LogInit: Initializing FReadOnlyCVARCache
[2023.08.15-05.36.46:179][  0]LogAudio: Display: Initializing Audio Device Manager...
[2023.08.15-05.36.46:179][  0]LogAudio: Display: Loading Default Audio Settings Objects...
[2023.08.15-05.36.46:180][  0]LogAudio: Display: No default SoundConcurrencyObject specified (or failed to load).
[2023.08.15-05.36.46:180][  0]LogAudio: Display: Audio Device Manager Initialized
[2023.08.15-05.36.46:180][  0]LogAudio: Display: Creating Audio Device:                 Id: 1, Scope: Shared, Realtime: True
[2023.08.15-05.36.46:180][  0]LogAudioMixer: Display: Audio Mixer Platform Settings:
[2023.08.15-05.36.46:180][  0]LogAudioMixer: Display: 	Sample Rate:						  48000
[2023.08.15-05.36.46:180][  0]LogAudioMixer: Display: 	Callback Buffer Frame Size Requested: 1024
[2023.08.15-05.36.46:180][  0]LogAudioMixer: Display: 	Callback Buffer Frame Size To Use:	  1024
[2023.08.15-05.36.46:180][  0]LogAudioMixer: Display: 	Number of buffers to queue:			  2
[2023.08.15-05.36.46:180][  0]LogAudioMixer: Display: 	Max Channels (voices):				  32
[2023.08.15-05.36.46:180][  0]LogAudioMixer: Display: 	Number of Async Source Workers:		  0
[2023.08.15-05.36.46:180][  0]LogAudio: Display: AudioDevice MaxSources: 32
[2023.08.15-05.36.46:180][  0]LogAudio: Display: Audio Spatialization Plugin: None (built-in).
[2023.08.15-05.36.46:180][  0]LogAudio: Display: Audio Reverb Plugin: None (built-in).
[2023.08.15-05.36.46:180][  0]LogAudio: Display: Audio Occlusion Plugin: None (built-in).
[2023.08.15-05.36.46:180][  0]LogAudioMixer: Display: Initializing audio mixer.
[2023.08.15-05.36.46:268][  0]LogAudioDebug: Display: Lib vorbis DLL was dynamically loaded.
[2023.08.15-05.36.46:276][  0]LogAudioMixer: Display: 0: FrontLeft
[2023.08.15-05.36.46:276][  0]LogAudioMixer: Display: 1: FrontRight
[2023.08.15-05.36.46:296][  0]LogAudioMixer: Display: Using Audio Device Headset Earphone (HyperX Virtual Surround Sound)
[2023.08.15-05.36.46:296][  0]LogAudioMixer: Display: Initializing Sound Submixes...
[2023.08.15-05.36.46:297][  0]LogAudioMixer: Display: Creating Master Submix 'MasterSubmixDefault'
[2023.08.15-05.36.46:298][  0]LogAudioMixer: Display: Creating Master Submix 'MasterReverbSubmixDefault'
[2023.08.15-05.36.46:299][  0]LogAudioMixer: Display: Creating Master Submix 'MasterEQSubmixDefault'
[2023.08.15-05.36.46:299][  0]LogAudioMixer: FMixerPlatformXAudio2::StartAudioStream() called
[2023.08.15-05.36.46:299][  0]LogAudioMixer: Display: Output buffers initialized: Frames=1024, Channels=2, Samples=2048
[2023.08.15-05.36.46:299][  0]LogAudioMixer: Display: Starting AudioMixerPlatformInterface::RunInternal()
[2023.08.15-05.36.46:299][  0]LogAudioMixer: Display: FMixerPlatformXAudio2::SubmitBuffer() called for the first time
[2023.08.15-05.36.46:299][  0]LogInit: FAudioDevice initialized.
[2023.08.15-05.36.46:301][  0]LogNetVersion: Set ProjectVersion to 1.0.0.0. Version Checksum will be recalculated on next use.
[2023.08.15-05.36.46:301][  0]LogInit: Texture streaming: Enabled
[2023.08.15-05.36.46:307][  0]LogAudio: Display: Audio Device (ID: 1) registered with world 'Untitled'.
[2023.08.15-05.36.46:308][  0]LogSlate: Updating window title bar state: overlay mode, drag disabled, window buttons hidden, title bar hidden
[2023.08.15-05.36.46:308][  0]LogInit: Display: Game Engine Initialized.
[2023.08.15-05.36.46:309][  0]LogInit: Display: Starting Game.
[2023.08.15-05.36.46:309][  0]LogNet: Browse: /Game/Levels/MainMenuScene?Name=Player
[2023.08.15-05.36.46:309][  0]LogLoad: LoadMap: /Game/Levels/MainMenuScene?Name=Player
[2023.08.15-05.36.46:309][  0]LogWorld: BeginTearingDown for /Temp/Untitled_0
[2023.08.15-05.36.46:310][  0]LogWorld: UWorld::CleanupWorld for Untitled, bSessionEnded=true, bCleanupResources=true
[2023.08.15-05.36.46:310][  0]LogSlate: InvalidateAllWidgets triggered.  All widgets were invalidated
[2023.08.15-05.36.46:314][  0]LogAudio: Display: Audio Device unregistered from world 'None'.
[2023.08.15-05.36.46:316][  0]LogUObjectHash: Compacting FUObjectHashTables data took   0.87ms
[2023.08.15-05.36.46:331][  0]LogAudio: Display: Audio Device (ID: 1) registered with world 'MainMenuScene'.
[2023.08.15-05.36.46:332][  0]LogAIModule: Creating AISystem for world MainMenuScene
[2023.08.15-05.36.46:332][  0]LogLoad: Game class is 'MenuGameMode_C'
[2023.08.15-05.36.46:333][  0]LogWorld: Bringing World /Game/Levels/MainMenuScene.MainMenuScene up for play (max tick rate 0) at 2023.08.15-06.36.46
[2023.08.15-05.36.46:333][  0]LogWorld: Bringing up level for play took: 0.000286
[2023.08.15-05.36.46:334][  0]LogGameMode: FindPlayerStart: PATHS NOT DEFINED or NO PLAYERSTART with positive rating
[2023.08.15-05.36.46:335][  0]LogViewport: Display: Viewport MouseLockMode Changed, LockOnCapture -> DoNotLock
[2023.08.15-05.36.46:335][  0]LogViewport: Display: Viewport MouseCaptureMode Changed, CapturePermanently_IncludingInitialMouseDown -> NoCapture
[2023.08.15-05.36.46:336][  0]LogLoad: Took 0.026332 seconds to LoadMap(/Game/Levels/MainMenuScene)
[2023.08.15-05.36.46:336][  0]LogSlate: Took 0.000283 seconds to synchronously load lazily loaded font '../../../Engine/Content/EngineFonts/Faces/RobotoBold.ufont' (160K)
[2023.08.15-05.36.46:337][  0]LogSlate: Took 0.000304 seconds to synchronously load lazily loaded font '../../../Engine/Content/EngineFonts/Faces/RobotoItalic.ufont' (157K)
[2023.08.15-05.36.46:410][  0]LogSlate: Took 0.000309 seconds to synchronously load lazily loaded font '../../../Engine/Content/Slate/Fonts/Roboto-Regular.ttf' (155K)
[2023.08.15-05.36.46:456][  0]LogRenderer: Reallocating scene render targets to support 1920x1080 Format 10 NumSamples 1 (Frame:1).
[2023.08.15-05.36.46:456][  0]LogRHI: Display: ShaderPipelineCache: Paused Batching. 1
[2023.08.15-05.36.46:456][  0]LogPakFile: AllPaks IndexSizes: DirectoryHashSize=279420, PathHashSize=16, EntriesSize=53248, TotalSize=332684
[2023.08.15-05.36.46:456][  0]LogRHI: Display: ShaderPipelineCache: Resumed Batching. 0
[2023.08.15-05.36.46:456][  0]LogRHI: Display: ShaderPipelineCache: Batching Resumed.
[2023.08.15-05.36.46:456][  0]LogInit: Display: Engine is initialized. Leaving FEngineLoop::Init()
[2023.08.15-05.36.46:456][  0]LogLoad: (Engine Initialization) Total time: 1.87 seconds
[2023.08.15-05.36.46:459][  0]LogContentStreaming: Texture pool size now 1000 MB
[2023.08.15-05.36.46:464][  0]LogSlate: InvalidateAllWidgets triggered.  All widgets were invalidated
[2023.08.15-05.36.47:385][  0]LogSlate: Slate font cache was flushed
[2023.08.15-05.36.47:386][  1]LogSlate: Took 0.000219 seconds to synchronously load lazily loaded font '../../../Engine/Content/Slate/Fonts/Roboto-Regular.ttf' (155K)
[2023.08.15-05.36.47:387][  1]LogSlate: Took 0.000207 seconds to synchronously load lazily loaded font '../../../Engine/Content/EngineFonts/Faces/RobotoBold.ufont' (160K)
[2023.08.15-05.36.47:388][  1]LogSlate: Took 0.000207 seconds to synchronously load lazily loaded font '../../../Engine/Content/EngineFonts/Faces/RobotoItalic.ufont' (157K)
[2023.08.15-05.36.59:974][501]LogConfig: Applying CVar settings from Section [ViewDistanceQuality@3] File [../../../BallGame/Saved/Config/WindowsNoEditor/Scalability.ini]
[2023.08.15-05.36.59:974][501]LogConfig: Setting CVar [[r.SkeletalMeshLODBias:0]]
[2023.08.15-05.36.59:974][501]LogConfig: Setting CVar [[r.ViewDistanceScale:1.0]]
[2023.08.15-05.36.59:974][501]LogConfig: Applying CVar settings from Section [AntiAliasingQuality@3] File [../../../BallGame/Saved/Config/WindowsNoEditor/Scalability.ini]
[2023.08.15-05.36.59:974][501]LogConfig: Setting CVar [[r.PostProcessAAQuality:4]]
[2023.08.15-05.36.59:974][501]LogConfig: Applying CVar settings from Section [ShadowQuality@3] File [../../../BallGame/Saved/Config/WindowsNoEditor/Scalability.ini]
[2023.08.15-05.36.59:974][501]LogConfig: Setting CVar [[r.LightFunctionQuality:1]]
[2023.08.15-05.36.59:974][501]LogConfig: Setting CVar [[r.ShadowQuality:5]]
[2023.08.15-05.36.59:974][501]LogConfig: Setting CVar [[r.Shadow.CSM.MaxCascades:10]]
[2023.08.15-05.36.59:974][501]LogConfig: Setting CVar [[r.Shadow.MaxResolution:2048]]
[2023.08.15-05.36.59:974][501]LogConfig: Setting CVar [[r.Shadow.MaxCSMResolution:2048]]
[2023.08.15-05.36.59:974][501]LogConfig: Setting CVar [[r.Shadow.RadiusThreshold:0.01]]
[2023.08.15-05.36.59:974][501]LogConfig: Setting CVar [[r.Shadow.DistanceScale:1.0]]
[2023.08.15-05.36.59:974][501]LogConfig: Setting CVar [[r.Shadow.CSM.TransitionScale:1.0]]
[2023.08.15-05.36.59:974][501]LogConfig: Setting CVar [[r.Shadow.PreShadowResolutionFactor:1.0]]
[2023.08.15-05.36.59:974][501]LogConfig: Setting CVar [[r.DistanceFieldShadowing:1]]
[2023.08.15-05.36.59:974][501]LogConfig: Setting CVar [[r.DistanceFieldAO:1]]
[2023.08.15-05.36.59:974][501]LogConfig: Setting CVar [[r.AOQuality:2]]
[2023.08.15-05.36.59:974][501]LogConfig: Setting CVar [[r.VolumetricFog:1]]
[2023.08.15-05.36.59:974][501]LogConfig: Setting CVar [[r.VolumetricFog.GridPixelSize:8]]
[2023.08.15-05.36.59:974][501]LogConfig: Setting CVar [[r.VolumetricFog.GridSizeZ:128]]
[2023.08.15-05.36.59:974][501]LogConfig: Setting CVar [[r.VolumetricFog.HistoryMissSupersampleCount:4]]
[2023.08.15-05.36.59:974][501]LogConfig: Setting CVar [[r.LightMaxDrawDistanceScale:1]]
[2023.08.15-05.36.59:974][501]LogConfig: Setting CVar [[r.CapsuleShadows:1]]
[2023.08.15-05.36.59:974][501]LogConfig: Applying CVar settings from Section [PostProcessQuality@3] File [../../../BallGame/Saved/Config/WindowsNoEditor/Scalability.ini]
[2023.08.15-05.36.59:974][501]LogConfig: Setting CVar [[r.MotionBlurQuality:4]]
[2023.08.15-05.36.59:974][501]LogConfig: Setting CVar [[r.AmbientOcclusionMipLevelFactor:0.4]]
[2023.08.15-05.36.59:974][501]LogConfig: Setting CVar [[r.AmbientOcclusionMaxQuality:100]]
[2023.08.15-05.36.59:974][501]LogConfig: Setting CVar [[r.AmbientOcclusionLevels:-1]]
[2023.08.15-05.36.59:974][501]LogConfig: Setting CVar [[r.AmbientOcclusionRadiusScale:1.0]]
[2023.08.15-05.36.59:974][501]LogConfig: Setting CVar [[r.DepthOfFieldQuality:2]]
[2023.08.15-05.36.59:974][501]LogConfig: Setting CVar [[r.RenderTargetPoolMin:400]]
[2023.08.15-05.36.59:974][501]LogConfig: Setting CVar [[r.LensFlareQuality:2]]
[2023.08.15-05.36.59:974][501]LogConfig: Setting CVar [[r.SceneColorFringeQuality:1]]
[2023.08.15-05.36.59:974][501]LogConfig: Setting CVar [[r.EyeAdaptationQuality:2]]
[2023.08.15-05.36.59:974][501]LogConfig: Setting CVar [[r.BloomQuality:5]]
[2023.08.15-05.36.59:974][501]LogConfig: Setting CVar [[r.FastBlurThreshold:100]]
[2023.08.15-05.36.59:974][501]LogConfig: Setting CVar [[r.Upscale.Quality:3]]
[2023.08.15-05.36.59:974][501]LogConfig: Setting CVar [[r.Tonemapper.GrainQuantization:1]]
[2023.08.15-05.36.59:974][501]LogConfig: Setting CVar [[r.LightShaftQuality:1]]
[2023.08.15-05.36.59:974][501]LogConfig: Setting CVar [[r.Filter.SizeScale:1]]
[2023.08.15-05.36.59:974][501]LogConfig: Setting CVar [[r.Tonemapper.Quality:5]]
[2023.08.15-05.36.59:974][501]LogConfig: Setting CVar [[r.DOF.Gather.AccumulatorQuality:1        ; higher gathering accumulator quality]]
[2023.08.15-05.36.59:974][501]LogConfig: Setting CVar [[r.DOF.Gather.PostfilterMethod:1          ; Median3x3 postfilering method]]
[2023.08.15-05.36.59:974][501]LogConfig: Setting CVar [[r.DOF.Gather.EnableBokehSettings:0       ; no bokeh simulation when gathering]]
[2023.08.15-05.36.59:974][501]LogConfig: Setting CVar [[r.DOF.Gather.RingCount:4                 ; medium number of samples when gathering]]
[2023.08.15-05.36.59:974][501]LogConfig: Setting CVar [[r.DOF.Scatter.ForegroundCompositing:1    ; additive foreground scattering]]
[2023.08.15-05.36.59:974][501]LogConfig: Setting CVar [[r.DOF.Scatter.BackgroundCompositing:2    ; additive background scattering]]
[2023.08.15-05.36.59:974][501]LogConfig: Setting CVar [[r.DOF.Scatter.EnableBokehSettings:1      ; bokeh simulation when scattering]]
[2023.08.15-05.36.59:974][501]LogConfig: Setting CVar [[r.DOF.Scatter.MaxSpriteRatio:0.1         ; only a maximum of 10% of scattered bokeh]]
[2023.08.15-05.36.59:974][501]LogConfig: Setting CVar [[r.DOF.Recombine.Quality:1                ; cheap slight out of focus]]
[2023.08.15-05.36.59:974][501]LogConfig: Setting CVar [[r.DOF.Recombine.EnableBokehSettings:0    ; no bokeh simulation on slight out of focus]]
[2023.08.15-05.36.59:974][501]LogConfig: Setting CVar [[r.DOF.TemporalAAQuality:1                ; more stable temporal accumulation]]
[2023.08.15-05.36.59:974][501]LogConfig: Setting CVar [[r.DOF.Kernel.MaxForegroundRadius:0.025]]
[2023.08.15-05.36.59:974][501]LogConfig: Setting CVar [[r.DOF.Kernel.MaxBackgroundRadius:0.025]]
[2023.08.15-05.36.59:974][501]LogConfig: Applying CVar settings from Section [TextureQuality@3] File [../../../BallGame/Saved/Config/WindowsNoEditor/Scalability.ini]
[2023.08.15-05.36.59:974][501]LogConfig: Setting CVar [[r.Streaming.MipBias:0]]
[2023.08.15-05.36.59:974][501]LogConfig: Setting CVar [[r.Streaming.AmortizeCPUToGPUCopy:0]]
[2023.08.15-05.36.59:974][501]LogConfig: Setting CVar [[r.Streaming.MaxNumTexturesToStreamPerFrame:0]]
[2023.08.15-05.36.59:974][501]LogConfig: Setting CVar [[r.Streaming.Boost:1]]
[2023.08.15-05.36.59:974][501]LogConfig: Setting CVar [[r.MaxAnisotropy:8]]
[2023.08.15-05.36.59:974][501]LogConfig: Setting CVar [[r.VT.MaxAnisotropy:8]]
[2023.08.15-05.36.59:974][501]LogConfig: Setting CVar [[r.Streaming.LimitPoolSizeToVRAM:0]]
[2023.08.15-05.36.59:974][501]LogConfig: Setting CVar [[r.Streaming.PoolSize:1000]]
[2023.08.15-05.36.59:974][501]LogConfig: Setting CVar [[r.Streaming.MaxEffectiveScreenSize:0]]
[2023.08.15-05.36.59:974][501]LogConfig: Applying CVar settings from Section [EffectsQuality@3] File [../../../BallGame/Saved/Config/WindowsNoEditor/Scalability.ini]
[2023.08.15-05.36.59:974][501]LogConfig: Setting CVar [[r.TranslucencyLightingVolumeDim:64]]
[2023.08.15-05.36.59:974][501]LogConfig: Setting CVar [[r.RefractionQuality:2]]
[2023.08.15-05.36.59:974][501]LogConfig: Setting CVar [[r.SSR.Quality:3]]
[2023.08.15-05.36.59:974][501]LogConfig: Setting CVar [[r.SSR.HalfResSceneColor:0]]
[2023.08.15-05.36.59:974][501]LogConfig: Setting CVar [[r.SceneColorFormat:4]]
[2023.08.15-05.36.59:974][501]LogConfig: Setting CVar [[r.DetailMode:2]]
[2023.08.15-05.36.59:974][501]LogConfig: Setting CVar [[r.TranslucencyVolumeBlur:1]]
[2023.08.15-05.36.59:974][501]LogConfig: Setting CVar [[r.MaterialQualityLevel:1 ; High quality]]
[2023.08.15-05.36.59:974][501]LogConfig: Setting CVar [[r.AnisotropicMaterials:1]]
[2023.08.15-05.36.59:974][501]LogConfig: Setting CVar [[r.SSS.Scale:1]]
[2023.08.15-05.36.59:974][501]LogConfig: Setting CVar [[r.SSS.SampleSet:2]]
[2023.08.15-05.36.59:974][501]LogConfig: Setting CVar [[r.SSS.Quality:1]]
[2023.08.15-05.36.59:974][501]LogConfig: Setting CVar [[r.SSS.HalfRes:0]]
[2023.08.15-05.36.59:974][501]LogConfig: Setting CVar [[r.SSGI.Quality:3]]
[2023.08.15-05.36.59:975][501]LogConfig: Setting CVar [[r.EmitterSpawnRateScale:1.0]]
[2023.08.15-05.36.59:975][501]LogConfig: Setting CVar [[r.ParticleLightQuality:2]]
[2023.08.15-05.36.59:975][501]LogConfig: Setting CVar [[r.SkyAtmosphere.AerialPerspectiveLUT.FastApplyOnOpaque:1 ; Always have FastSkyLUT 1 in this case to avoid wrong sky]]
[2023.08.15-05.36.59:975][501]LogConfig: Setting CVar [[r.SkyAtmosphere.AerialPerspectiveLUT.SampleCountMaxPerSlice:4]]
[2023.08.15-05.36.59:975][501]LogConfig: Setting CVar [[r.SkyAtmosphere.AerialPerspectiveLUT.DepthResolution:16.0]]
[2023.08.15-05.36.59:975][501]LogConfig: Setting CVar [[r.SkyAtmosphere.FastSkyLUT:1]]
[2023.08.15-05.36.59:975][501]LogConfig: Setting CVar [[r.SkyAtmosphere.FastSkyLUT.SampleCountMin:4.0]]
[2023.08.15-05.36.59:975][501]LogConfig: Setting CVar [[r.SkyAtmosphere.FastSkyLUT.SampleCountMax:128.0]]
[2023.08.15-05.36.59:975][501]LogConfig: Setting CVar [[r.SkyAtmosphere.SampleCountMin:4.0]]
[2023.08.15-05.36.59:975][501]LogConfig: Setting CVar [[r.SkyAtmosphere.SampleCountMax:128.0]]
[2023.08.15-05.36.59:975][501]LogConfig: Setting CVar [[r.SkyAtmosphere.TransmittanceLUT.UseSmallFormat:0]]
[2023.08.15-05.36.59:975][501]LogConfig: Setting CVar [[r.SkyAtmosphere.TransmittanceLUT.SampleCount:10.0]]
[2023.08.15-05.36.59:975][501]LogConfig: Setting CVar [[r.SkyAtmosphere.MultiScatteringLUT.SampleCount:15.0]]
[2023.08.15-05.36.59:975][501]LogConfig: Setting CVar [[r.SkyLight.RealTimeReflectionCapture:1]]
[2023.08.15-05.36.59:975][501]LogConfig: Setting CVar [[fx.Niagara.QualityLevel:3]]
[2023.08.15-05.36.59:975][501]LogConfig: Applying CVar settings from Section [FoliageQuality@3] File [../../../BallGame/Saved/Config/WindowsNoEditor/Scalability.ini]
[2023.08.15-05.36.59:975][501]LogConfig: Setting CVar [[foliage.DensityScale:1.0]]
[2023.08.15-05.36.59:975][501]LogConfig: Setting CVar [[grass.DensityScale:1.0]]
[2023.08.15-05.36.59:975][501]LogConfig: Applying CVar settings from Section [ShadingQuality@3] File [../../../BallGame/Saved/Config/WindowsNoEditor/Scalability.ini]
[2023.08.15-05.36.59:975][501]LogConfig: Setting CVar [[r.HairStrands.SkyLighting.IntegrationType:2]]
[2023.08.15-05.36.59:975][501]LogConfig: Setting CVar [[r.HairStrands.SkyAO.SampleCount:4]]
[2023.08.15-05.36.59:975][501]LogConfig: Setting CVar [[r.HairStrands.Visibility.MSAA.SamplePerPixel:4]]
[2023.08.15-05.36.59:975][501]LogConfig: Setting CVar [[r.HairStrands.Interpolation.UseSingleGuide:0]]
[2023.08.15-05.37.00:072][504]LogRenderer: Reallocating scene render targets to support 1280x720 Format 10 NumSamples 1 (Frame:3505).
[2023.08.15-05.37.03:681][703]LogViewport: Display: Viewport MouseLockMode Changed, DoNotLock -> LockOnCapture
[2023.08.15-05.37.03:681][703]LogViewport: Display: Viewport MouseCaptureMode Changed, NoCapture -> CapturePermanently
[2023.08.15-05.37.03:681][703]LogNet: Browse: /Game/Levels/Level-1
[2023.08.15-05.37.03:681][703]LogLoad: LoadMap: /Game/Levels/Level-1
[2023.08.15-05.37.03:681][703]LogWorld: BeginTearingDown for /Game/Levels/MainMenuScene
[2023.08.15-05.37.03:681][703]LogWorld: UWorld::CleanupWorld for MainMenuScene, bSessionEnded=true, bCleanupResources=true
[2023.08.15-05.37.03:681][703]LogSlate: InvalidateAllWidgets triggered.  All widgets were invalidated
[2023.08.15-05.37.03:709][703]LogAudio: Display: Audio Device unregistered from world 'None'.
[2023.08.15-05.37.03:710][703]LogUObjectHash: Compacting FUObjectHashTables data took   0.52ms
[2023.08.15-05.37.03:711][703]LogStreaming: Display: FlushAsyncLoading: 1 QueuedPackages, 0 AsyncPackages
[2023.08.15-05.37.03:722][703]LogAudio: Display: Audio Device (ID: 1) registered with world 'Level-1'.
[2023.08.15-05.37.03:723][703]LogAIModule: Creating AISystem for world Level-1
[2023.08.15-05.37.03:740][703]LogLoad: Game class is 'FirstPersonGameMode_C'
[2023.08.15-05.37.03:741][703]LogWorld: Bringing World /Game/Levels/Level-1.Level-1 up for play (max tick rate 0) at 2023.08.15-06.37.03
[2023.08.15-05.37.03:741][703]LogWorld: Bringing up level for play took: 0.000986
[2023.08.15-05.37.03:744][703]LogLoad: Took 0.063796 seconds to LoadMap(/Game/Levels/Level-1)
[2023.08.15-05.37.19:498][707]LogViewport: Display: Viewport MouseLockMode Changed, LockOnCapture -> LockInFullscreen
[2023.08.15-05.37.19:498][707]LogViewport: Display: Viewport MouseCaptureMode Changed, CapturePermanently -> CaptureDuringMouseDown
[2023.08.15-05.37.19:499][707]LogSlate: Took 0.000311 seconds to synchronously load lazily loaded font '../../../Engine/Content/EngineFonts/Faces/RobotoBoldItalic.ufont' (162K)
[2023.08.15-05.37.22:565][315]LogViewport: Display: Viewport MouseLockMode Changed, LockInFullscreen -> LockOnCapture
[2023.08.15-05.37.22:565][315]LogViewport: Display: Viewport MouseCaptureMode Changed, CaptureDuringMouseDown -> CapturePermanently
[2023.08.15-05.37.22:565][315]LogNet: Browse: /Game/Levels/Level-2
[2023.08.15-05.37.22:566][315]LogLoad: LoadMap: /Game/Levels/Level-2
[2023.08.15-05.37.22:566][315]LogWorld: BeginTearingDown for /Game/Levels/Level-1
[2023.08.15-05.37.22:566][315]LogWorld: UWorld::CleanupWorld for Level-1, bSessionEnded=true, bCleanupResources=true
[2023.08.15-05.37.22:566][315]LogSlate: InvalidateAllWidgets triggered.  All widgets were invalidated
[2023.08.15-05.37.22:589][315]LogAudio: Display: Audio Device unregistered from world 'None'.
[2023.08.15-05.37.22:593][315]LogUObjectHash: Compacting FUObjectHashTables data took   0.70ms
[2023.08.15-05.37.22:595][315]LogStreaming: Display: FlushAsyncLoading: 1 QueuedPackages, 0 AsyncPackages
[2023.08.15-05.37.22:609][315]LogAudio: Display: Audio Device (ID: 1) registered with world 'Level-2'.
[2023.08.15-05.37.22:609][315]LogAIModule: Creating AISystem for world Level-2
[2023.08.15-05.37.22:622][315]LogLoad: Game class is 'FirstPersonGameMode_C'
[2023.08.15-05.37.22:623][315]LogWorld: Bringing World /Game/Levels/Level-2.Level-2 up for play (max tick rate 0) at 2023.08.15-06.37.22
[2023.08.15-05.37.22:623][315]LogWorld: Bringing up level for play took: 0.000566
[2023.08.15-05.37.22:625][315]LogLoad: Took 0.058460 seconds to LoadMap(/Game/Levels/Level-2)
[2023.08.15-05.37.53:949][320]LogViewport: Display: Viewport MouseLockMode Changed, LockOnCapture -> LockInFullscreen
[2023.08.15-05.37.53:950][320]LogViewport: Display: Viewport MouseCaptureMode Changed, CapturePermanently -> CaptureDuringMouseDown
[2023.08.15-05.37.55:641][633]LogViewport: Display: Viewport MouseLockMode Changed, LockInFullscreen -> LockOnCapture
[2023.08.15-05.37.55:641][633]LogViewport: Display: Viewport MouseCaptureMode Changed, CaptureDuringMouseDown -> CapturePermanently
[2023.08.15-05.37.55:641][633]LogNet: Browse: /Game/Levels/Level-3
[2023.08.15-05.37.55:642][633]LogLoad: LoadMap: /Game/Levels/Level-3
[2023.08.15-05.37.55:642][633]LogWorld: BeginTearingDown for /Game/Levels/Level-2
[2023.08.15-05.37.55:642][633]LogWorld: UWorld::CleanupWorld for Level-2, bSessionEnded=true, bCleanupResources=true
[2023.08.15-05.37.55:642][633]LogSlate: InvalidateAllWidgets triggered.  All widgets were invalidated
[2023.08.15-05.37.55:679][633]LogAudio: Display: Audio Device unregistered from world 'None'.
[2023.08.15-05.37.55:682][633]LogUObjectHash: Compacting FUObjectHashTables data took   0.69ms
[2023.08.15-05.37.55:684][633]LogStreaming: Display: FlushAsyncLoading: 1 QueuedPackages, 0 AsyncPackages
[2023.08.15-05.37.55:690][633]LogAudio: Display: Audio Device (ID: 1) registered with world 'Level-3'.
[2023.08.15-05.37.55:690][633]LogAIModule: Creating AISystem for world Level-3
[2023.08.15-05.37.55:700][633]LogLoad: Game class is 'FirstPersonGameMode_C'
[2023.08.15-05.37.55:702][633]LogWorld: Bringing World /Game/Levels/Level-3.Level-3 up for play (max tick rate 0) at 2023.08.15-06.37.55
[2023.08.15-05.37.55:702][633]LogWorld: Bringing up level for play took: 0.000857
[2023.08.15-05.37.55:703][633]LogLoad: Took 0.061149 seconds to LoadMap(/Game/Levels/Level-3)
[2023.08.15-05.38.39:301][990]LogViewport: Display: Viewport MouseLockMode Changed, LockOnCapture -> LockInFullscreen
[2023.08.15-05.38.39:301][990]LogViewport: Display: Viewport MouseCaptureMode Changed, CapturePermanently -> CaptureDuringMouseDown
[2023.08.15-05.38.41:334][305]LogViewport: Display: Viewport MouseLockMode Changed, LockInFullscreen -> LockOnCapture
[2023.08.15-05.38.41:334][305]LogViewport: Display: Viewport MouseCaptureMode Changed, CaptureDuringMouseDown -> CapturePermanently
[2023.08.15-05.38.41:334][305]LogNet: Browse: /Game/Levels/Level-3
[2023.08.15-05.38.41:334][305]LogLoad: LoadMap: /Game/Levels/Level-3
[2023.08.15-05.38.41:334][305]LogWorld: BeginTearingDown for /Game/Levels/Level-3
[2023.08.15-05.38.41:335][305]LogWorld: UWorld::CleanupWorld for Level-3, bSessionEnded=true, bCleanupResources=true
[2023.08.15-05.38.41:335][305]LogSlate: InvalidateAllWidgets triggered.  All widgets were invalidated
[2023.08.15-05.38.41:371][305]LogAudio: Display: Waited 35.642399 ms for audio thread.
[2023.08.15-05.38.41:378][305]LogAudio: Display: Waited 42.884499 ms for audio thread.
[2023.08.15-05.38.41:379][305]LogAudio: Display: Audio Device unregistered from world 'None'.
[2023.08.15-05.38.41:381][305]LogUObjectHash: Compacting FUObjectHashTables data took   0.66ms
[2023.08.15-05.38.41:383][305]LogStreaming: Display: FlushAsyncLoading: 1 QueuedPackages, 0 AsyncPackages
[2023.08.15-05.38.41:392][305]LogAudio: Display: Audio Device (ID: 1) registered with world 'Level-3'.
[2023.08.15-05.38.41:393][305]LogAIModule: Creating AISystem for world Level-3
[2023.08.15-05.38.41:402][305]LogLoad: Game class is 'FirstPersonGameMode_C'
[2023.08.15-05.38.41:403][305]LogWorld: Bringing World /Game/Levels/Level-3.Level-3 up for play (max tick rate 0) at 2023.08.15-06.38.41
[2023.08.15-05.38.41:404][305]LogWorld: Bringing up level for play took: 0.000830
[2023.08.15-05.38.41:405][305]LogLoad: Took 0.071455 seconds to LoadMap(/Game/Levels/Level-3)
[2023.08.15-05.39.45:768][169]LogAudio: Display: Waited 35.574997 ms for audio thread.
[2023.08.15-05.39.45:769][169]LogAudio: Display: Waited 36.966499 ms for audio thread.
[2023.08.15-05.42.25:181][477]LogAudio: Display: Waited 35.633701 ms for audio thread.
[2023.08.15-05.42.25:186][477]LogAudio: Display: Waited 41.331699 ms for audio thread.
[2023.08.15-05.45.45:112][149]LogAudio: Display: Waited 67.264397 ms for audio thread.
[2023.08.15-05.45.49:134][953]LogAudio: Display: Waited 35.232800 ms for audio thread.
[2023.08.15-05.45.49:154][953]LogAudio: Display: Waited 55.196598 ms for audio thread.
[2023.08.15-05.46.50:193][ 82]LogAudio: Display: Waited 45.667702 ms for audio thread.
[2023.08.15-05.48.45:409][756]LogAudio: Display: Waited 54.786602 ms for audio thread.
[2023.08.15-05.48.52:359][154]LogViewport: Display: Viewport MouseLockMode Changed, LockOnCapture -> LockInFullscreen
[2023.08.15-05.48.52:359][154]LogViewport: Display: Viewport MouseCaptureMode Changed, CapturePermanently -> CaptureDuringMouseDown
[2023.08.15-05.48.54:091][523]Closing by request
[2023.08.15-05.48.54:091][523]LogWindows: FPlatformMisc::RequestExit(0)
[2023.08.15-05.48.54:092][523]LogWindows: FPlatformMisc::RequestExitWithStatus(0, 0)
[2023.08.15-05.48.54:092][523]LogCore: Engine exit requested (reason: Win RequestExit)
[2023.08.15-05.48.54:096][524]LogCore: Engine exit requested (reason: EngineExit() was called; note: exit was already requested)
[2023.08.15-05.48.54:096][524]LogInit: Display: PreExit Game.
[2023.08.15-05.48.54:096][524]LogWorld: BeginTearingDown for /Game/Levels/Level-3
[2023.08.15-05.48.54:097][524]LogWorld: UWorld::CleanupWorld for Level-3, bSessionEnded=true, bCleanupResources=true
[2023.08.15-05.48.54:097][524]LogSlate: InvalidateAllWidgets triggered.  All widgets were invalidated
[2023.08.15-05.48.54:529][524]LogAudio: Display: Beginning Audio Device Manager Shutdown (Module: AudioMixerXAudio2)...
[2023.08.15-05.48.54:529][524]LogAudio: Display: Destroying 1 Remaining Audio Device(s)...
[2023.08.15-05.48.54:529][524]LogAudio: Display: Audio Device unregistered from world 'Level-3'.
[2023.08.15-05.48.54:558][524]LogAudioMixer: FMixerPlatformXAudio2::StopAudioStream() called
[2023.08.15-05.48.54:558][524]LogAudioMixer: FMixerPlatformXAudio2::StopAudioStream() called
[2023.08.15-05.48.54:562][524]LogAudio: Display: Audio Device Manager Shutdown
[2023.08.15-05.48.54:562][524]LogSlate: Request Window 'BallGame (64-bit Development PCD3D_SM5) ' being destroyed
[2023.08.15-05.48.54:565][524]LogSlate: Window 'BallGame (64-bit Development PCD3D_SM5) ' being destroyed
[2023.08.15-05.48.54:566][524]LogWindowsTextInputMethodSystem: Display: IME system deactivated.
[2023.08.15-05.48.54:580][524]LogExit: Preparing to exit.
[2023.08.15-05.48.54:580][524]LogMoviePlayer: Shutting down movie player
[2023.08.15-05.48.54:583][524]LogSlate: Updating window title bar state: overlay mode, drag disabled, window buttons hidden, title bar hidden
[2023.08.15-05.48.54:595][524]LogDemo: Cleaned up 0 splitscreen connections with owner deletion
[2023.08.15-05.48.54:597][524]LogExit: Game engine shut down
[2023.08.15-05.48.54:621][524]LogExit: Object subsystem successfully closed.
[2023.08.15-05.48.54:637][524]LogModuleManager: Shutting down and abandoning module AutomationController (366)
[2023.08.15-05.48.54:637][524]LogModuleManager: Shutting down and abandoning module AutomationWorker (364)
[2023.08.15-05.48.54:637][524]LogModuleManager: Shutting down and abandoning module Voice (362)
[2023.08.15-05.48.54:637][524]LogModuleManager: Shutting down and abandoning module AIModule (360)
[2023.08.15-05.48.54:637][524]LogModuleManager: Shutting down and abandoning module GameplayDebugger (359)
[2023.08.15-05.48.54:638][524]LogModuleManager: Shutting down and abandoning module NavigationSystem (357)
[2023.08.15-05.48.54:638][524]LogModuleManager: Shutting down and abandoning module WebMMediaFactory (354)
[2023.08.15-05.48.54:638][524]LogModuleManager: Shutting down and abandoning module WebMMedia (352)
[2023.08.15-05.48.54:638][524]LogModuleManager: Shutting down and abandoning module OpenXRInput (350)
[2023.08.15-05.48.54:638][524]LogModuleManager: Shutting down and abandoning module OculusMR (348)
[2023.08.15-05.48.54:638][524]LogModuleManager: Shutting down and abandoning module WmfMediaFactory (346)
[2023.08.15-05.48.54:638][524]LogModuleManager: Shutting down and abandoning module OpenExrWrapper (344)
[2023.08.15-05.48.54:638][524]LogModuleManager: Shutting down and abandoning module ImgMediaFactory (342)
[2023.08.15-05.48.54:638][524]LogModuleManager: Shutting down and abandoning module AvfMediaFactory (340)
[2023.08.15-05.48.54:638][524]LogModuleManager: Shutting down and abandoning module CharacterAI (338)
[2023.08.15-05.48.54:638][524]LogModuleManager: Shutting down and abandoning module PlanarCut (336)
[2023.08.15-05.48.54:638][524]LogModuleManager: Shutting down and abandoning module SessionServices (334)
[2023.08.15-05.48.54:638][524]LogModuleManager: Shutting down and abandoning module LiveCoding (332)
[2023.08.15-05.48.54:638][524]LogModuleManager: Shutting down and abandoning module LevelSequence (330)
[2023.08.15-05.48.54:638][524]LogModuleManager: Shutting down and abandoning module MovieSceneTracks (328)
[2023.08.15-05.48.54:638][524]LogModuleManager: Shutting down and abandoning module MovieScene (326)
[2023.08.15-05.48.54:638][524]LogModuleManager: Shutting down and abandoning module StreamingPauseRendering (324)
[2023.08.15-05.48.54:638][524]LogModuleManager: Shutting down and abandoning module AudioMixerXAudio2 (322)
[2023.08.15-05.48.54:638][524]LogModuleManager: Shutting down and abandoning module AudioMixerCore (321)
[2023.08.15-05.48.54:638][524]LogModuleManager: Shutting down and abandoning module ImageWriteQueue (318)
[2023.08.15-05.48.54:638][524]LogModuleManager: Shutting down and abandoning module ProfilerService (316)
[2023.08.15-05.48.54:877][524]LogModuleManager: Shutting down and abandoning module TaskGraph (314)
[2023.08.15-05.48.54:877][524]LogModuleManager: Shutting down and abandoning module Synthesis (312)
[2023.08.15-05.48.54:877][524]LogModuleManager: Shutting down and abandoning module TakeMovieScene (310)
[2023.08.15-05.48.54:877][524]LogModuleManager: Shutting down and abandoning module LiveLinkMovieScene (308)
[2023.08.15-05.48.54:877][524]LogModuleManager: Shutting down and abandoning module LiveLinkComponents (306)
[2023.08.15-05.48.54:877][524]LogModuleManager: Shutting down and abandoning module LiveLink (304)
[2023.08.15-05.48.55:472][524]LogModuleManager: Shutting down and abandoning module OculusInput (302)
[2023.08.15-05.48.55:472][524]LogModuleManager: Shutting down and abandoning module MobilePatchingUtils (300)
[2023.08.15-05.48.55:472][524]LogModuleManager: Shutting down and abandoning module GooglePAD (298)
[2023.08.15-05.48.55:472][524]LogModuleManager: Shutting down and abandoning module CustomMeshComponent (296)
[2023.08.15-05.48.55:472][524]LogModuleManager: Shutting down and abandoning module CableComponent (294)
[2023.08.15-05.48.55:472][524]LogModuleManager: Shutting down and abandoning module AudioCapture (292)
[2023.08.15-05.48.55:472][524]LogModuleManager: Shutting down and abandoning module AudioCaptureRtAudio (291)
[2023.08.15-05.48.55:472][524]LogModuleManager: Shutting down and abandoning module AssetTags (288)
[2023.08.15-05.48.55:472][524]LogModuleManager: Shutting down and abandoning module ArchVisCharacter (286)
[2023.08.15-05.48.55:472][524]LogModuleManager: Shutting down and abandoning module AppleImageUtils (284)
[2023.08.15-05.48.55:472][524]LogModuleManager: Shutting down and abandoning module AndroidPermission (282)
[2023.08.15-05.48.55:472][524]LogModuleManager: Shutting down and abandoning module ActorLayerUtilities (280)
[2023.08.15-05.48.55:472][524]LogModuleManager: Shutting down and abandoning module MediaCompositing (278)
[2023.08.15-05.48.55:472][524]LogModuleManager: Shutting down and abandoning module ImgMedia (276)
[2023.08.15-05.48.55:472][524]LogModuleManager: Shutting down and abandoning module MagicLeapLightEstimation (274)
[2023.08.15-05.48.55:472][524]LogModuleManager: Shutting down and abandoning module MagicLeapHelperVulkan (272)
[2023.08.15-05.48.55:472][524]LogModuleManager: Shutting down and abandoning module MagicLeapHelperOpenGL (270)
[2023.08.15-05.48.55:472][524]LogModuleManager: Shutting down and abandoning module MagicLeapAudio (268)
[2023.08.15-05.48.55:472][524]LogModuleManager: Shutting down and abandoning module MagicLeapSharedWorld (266)
[2023.08.15-05.48.55:472][524]LogModuleManager: Shutting down and abandoning module OpenImageDenoise (264)
[2023.08.15-05.48.55:472][524]LogModuleManager: Shutting down and abandoning module MotoSynth (262)
[2023.08.15-05.48.55:472][524]LogModuleManager: Shutting down and abandoning module ChaosNiagara (260)
[2023.08.15-05.48.55:472][524]LogModuleManager: Shutting down and abandoning module ProceduralMeshComponent (258)
[2023.08.15-05.48.55:472][524]LogModuleManager: Shutting down and abandoning module GeometryCollectionTracks (256)
[2023.08.15-05.48.55:472][524]LogModuleManager: Shutting down and abandoning module EditableMesh (254)
[2023.08.15-05.48.55:472][524]LogModuleManager: Shutting down and abandoning module BackChannel (252)
[2023.08.15-05.48.55:472][524]LogModuleManager: Shutting down and abandoning module AutomationUtils (250)
[2023.08.15-05.48.55:472][524]LogModuleManager: Shutting down and abandoning module UObjectPlugin (248)
[2023.08.15-05.48.55:472][524]LogModuleManager: Shutting down and abandoning module OodleNetworkHandlerComponent (246)
[2023.08.15-05.48.55:472][524]LogModuleManager: Shutting down and abandoning module TemplateSequence (244)
[2023.08.15-05.48.55:472][524]LogModuleManager: Shutting down and abandoning module GeometryCacheTracks (242)
[2023.08.15-05.48.55:472][524]LogModuleManager: Shutting down and abandoning module GeometryCache (240)
[2023.08.15-05.48.55:472][524]LogModuleManager: Shutting down and abandoning module MeshConversion (238)
[2023.08.15-05.48.55:472][524]LogModuleManager: Shutting down and abandoning module DynamicMesh (236)
[2023.08.15-05.48.55:472][524]LogModuleManager: Shutting down and abandoning module GeometryAlgorithms (234)
[2023.08.15-05.48.55:472][524]LogModuleManager: Shutting down and abandoning module GeometricObjects (232)
[2023.08.15-05.48.55:472][524]LogModuleManager: Shutting down and abandoning module MeshModelingTools (230)
[2023.08.15-05.48.55:472][524]LogModuleManager: Shutting down and abandoning module ModelingOperators (228)
[2023.08.15-05.48.55:472][524]LogModuleManager: Shutting down and abandoning module ModelingComponents (226)
[2023.08.15-05.48.55:472][524]LogModuleManager: Shutting down and abandoning module AudioSynesthesia (224)
[2023.08.15-05.48.55:472][524]LogModuleManager: Shutting down and abandoning module AudioSynesthesiaCore (222)
[2023.08.15-05.48.55:472][524]LogModuleManager: Shutting down and abandoning module SoundFields (220)
[2023.08.15-05.48.55:472][524]LogModuleManager: Shutting down and abandoning module RuntimePhysXCooking (218)
[2023.08.15-05.48.55:472][524]LogModuleManager: Shutting down and abandoning module LocationServicesBPLibrary (214)
[2023.08.15-05.48.55:472][524]LogModuleManager: Shutting down and abandoning module ActorSequence (212)
[2023.08.15-05.48.55:472][524]LogModuleManager: Shutting down and abandoning module UdpMessaging (210)
[2023.08.15-05.48.55:472][524]LogModuleManager: Shutting down and abandoning module TcpMessaging (208)
[2023.08.15-05.48.55:472][524]LogModuleManager: Shutting down and abandoning module ImgMediaEngine (206)
[2023.08.15-05.48.55:472][524]LogModuleManager: Shutting down and abandoning module MagicLeapHandMeshing (204)
[2023.08.15-05.48.55:472][524]LogModuleManager: Shutting down and abandoning module MagicLeapSecureStorage (202)
[2023.08.15-05.48.55:472][524]LogModuleManager: Shutting down and abandoning module MagicLeapPrivileges (200)
[2023.08.15-05.48.55:472][524]LogModuleManager: Shutting down and abandoning module MagicLeapPlanes (198)
[2023.08.15-05.48.55:472][524]LogModuleManager: Shutting down and abandoning module MagicLeapImageTracker (196)
[2023.08.15-05.48.55:472][524]LogModuleManager: Shutting down and abandoning module MagicLeapIdentity (194)
[2023.08.15-05.48.55:472][524]LogModuleManager: Shutting down and abandoning module MagicLeapHandTracking (192)
[2023.08.15-05.48.55:472][524]LogModuleManager: Shutting down and abandoning module MagicLeapEyeTracker (190)
[2023.08.15-05.48.55:472][524]LogModuleManager: Shutting down and abandoning module MagicLeapController (188)
[2023.08.15-05.48.55:472][524]LogModuleManager: Shutting down and abandoning module MagicLeapARPinImpl (186)
[2023.08.15-05.48.55:472][524]LogModuleManager: Shutting down and abandoning module MagicLeapAR (184)
[2023.08.15-05.48.55:472][524]LogModuleManager: Shutting down and abandoning module MagicLeapARPin (182)
[2023.08.15-05.48.55:472][524]LogModuleManager: Shutting down and abandoning module FacialAnimation (180)
[2023.08.15-05.48.55:472][524]LogModuleManager: Shutting down and abandoning module SignificanceManager (178)
[2023.08.15-05.48.55:472][524]LogModuleManager: Shutting down and abandoning module AnimationSharing (176)
[2023.08.15-05.48.55:472][524]LogModuleManager: Shutting down and abandoning module GameplayCameras (174)
[2023.08.15-05.48.55:472][524]LogModuleManager: Shutting down and abandoning module LightPropagationVolumeRuntime (172)
[2023.08.15-05.48.55:472][524]LogModuleManager: Shutting down and abandoning module Paper2D (170)
[2023.08.15-05.48.55:472][524]LogModuleManager: Shutting down and abandoning module NiagaraAnimNotifies (168)
[2023.08.15-05.48.55:472][524]LogModuleManager: Shutting down and abandoning module Niagara (166)
[2023.08.15-05.48.55:472][524]LogModuleManager: Shutting down and abandoning module SignalProcessing (165)
[2023.08.15-05.48.55:472][524]LogModuleManager: Shutting down and abandoning module NiagaraCore (162)
[2023.08.15-05.48.55:473][524]LogModuleManager: Shutting down and abandoning module WindowsMoviePlayer (160)
[2023.08.15-05.48.55:473][524]LogModuleManager: Shutting down and abandoning module WebMMoviePlayer (158)
[2023.08.15-05.48.55:473][524]LogModuleManager: Shutting down and abandoning module NetworkReplayStreaming (156)
[2023.08.15-05.48.55:473][524]LogModuleManager: Shutting down and abandoning module PacketHandler (154)
[2023.08.15-05.48.55:473][524]LogModuleManager: Shutting down and abandoning module ClothingSystemRuntimeNv (152)
[2023.08.15-05.48.55:478][524]LogModuleManager: Shutting down and abandoning module MediaAssets (150)
[2023.08.15-05.48.55:478][524]LogModuleManager: Shutting down and abandoning module Overlay (148)
[2023.08.15-05.48.55:478][524]LogModuleManager: Shutting down and abandoning module FunctionalTesting (146)
[2023.08.15-05.48.55:478][524]LogModuleManager: Shutting down and abandoning module MessageLog (144)
[2023.08.15-05.48.55:478][524]LogModuleManager: Shutting down and abandoning module UMG (142)
[2023.08.15-05.48.55:478][524]LogModuleManager: Shutting down and abandoning module SlateReflector (140)
[2023.08.15-05.48.55:478][524]LogModuleManager: Shutting down and abandoning module Slate (138)
[2023.08.15-05.48.55:478][524]LogModuleManager: Shutting down and abandoning module SlateCore (136)
[2023.08.15-05.48.55:479][524]LogModuleManager: Shutting down and abandoning module MRMesh (134)
[2023.08.15-05.48.55:479][524]LogModuleManager: Shutting down and abandoning module Messaging (132)
[2023.08.15-05.48.55:479][524]LogModuleManager: Shutting down and abandoning module HeadMountedDisplay (130)
[2023.08.15-05.48.55:479][524]LogModuleManager: Shutting down and abandoning module XAudio2 (128)
[2023.08.15-05.48.55:479][524]LogModuleManager: Shutting down and abandoning module Networking (126)
[2023.08.15-05.48.55:479][524]LogModuleManager: Shutting down and abandoning module Core (124)
[2023.08.15-05.48.55:479][524]LogModuleManager: Shutting down and abandoning module FieldSystemEngine (122)
[2023.08.15-05.48.55:479][524]LogModuleManager: Shutting down and abandoning module ImageWrapper (118)
[2023.08.15-05.48.55:479][524]LogModuleManager: Shutting down and abandoning module D3D11RHI (116)
[2023.08.15-05.48.55:479][524]LogModuleManager: Shutting down and abandoning module InputCore (114)
[2023.08.15-05.48.55:479][524]LogModuleManager: Shutting down and abandoning module Settings (112)
[2023.08.15-05.48.55:479][524]LogModuleManager: Shutting down and abandoning module PhysXCooking (110)
[2023.08.15-05.48.55:479][524]LogModuleManager: Shutting down and abandoning module Chaos (108)
[2023.08.15-05.48.55:479][524]LogModuleManager: Shutting down and abandoning module WindowsPlatformFeatures (106)
[2023.08.15-05.48.55:479][524]LogModuleManager: Shutting down and abandoning module GameplayMediaEncoder (105)
[2023.08.15-05.48.55:479][524]LogModuleManager: Shutting down and abandoning module AVEncoder (104)
[2023.08.15-05.48.55:479][524]LogModuleManager: Shutting down and abandoning module SteamVRInputDevice (100)
[2023.08.15-05.48.55:479][524]LogModuleManager: Shutting down and abandoning module SteamVRInput (98)
[2023.08.15-05.48.55:479][524]LogModuleManager: Shutting down and abandoning module SteamVR (96)
[2023.08.15-05.48.55:479][524]LogHMD: Freeing OpenVRDLLHandle.
[2023.08.15-05.48.55:479][524]LogModuleManager: Shutting down and abandoning module OpenXRHandTracking (94)
[2023.08.15-05.48.55:479][524]LogSlate: Slate User Destroyed.  User Index 0, Is Virtual User: 0
[2023.08.15-05.48.55:479][524]LogModuleManager: Shutting down and abandoning module OpenXRAR (92)
[2023.08.15-05.48.55:479][524]LogModuleManager: Shutting down and abandoning module AugmentedReality (91)
[2023.08.15-05.48.55:479][524]LogModuleManager: Shutting down and abandoning module OpenXRHMD (88)
[2023.08.15-05.48.55:479][524]LogModuleManager: Shutting down and abandoning module OpenXREyeTracker (86)
[2023.08.15-05.48.55:479][524]LogModuleManager: Shutting down and abandoning module OculusHMD (84)
[2023.08.15-05.48.55:479][524]LogModuleManager: Shutting down and abandoning module ExampleDeviceProfileSelector (82)
[2023.08.15-05.48.55:479][524]LogModuleManager: Shutting down and abandoning module ChunkDownloader (80)
[2023.08.15-05.48.55:479][524]LogModuleManager: Shutting down and abandoning module LauncherChunkInstaller (78)
[2023.08.15-05.48.55:479][524]LogModuleManager: Shutting down and abandoning module OnlineSubsystem (74)
[2023.08.15-05.48.55:480][524]LogModuleManager: Shutting down and abandoning module HTTP (69)
[2023.08.15-05.48.55:480][524]LogHttp: Display: cleaning up 0 outstanding Http requests.
[2023.08.15-05.48.55:487][524]LogModuleManager: Shutting down and abandoning module SSL (68)
[2023.08.15-05.48.55:487][524]LogModuleManager: Shutting down and abandoning module WmfMedia (64)
[2023.08.15-05.48.55:487][524]LogModuleManager: Shutting down and abandoning module Media (63)
[2023.08.15-05.48.55:488][524]LogModuleManager: Shutting down and abandoning module MediaInfo (62)
[2023.08.15-05.48.55:488][524]LogModuleManager: Shutting down and abandoning module ExrReaderGpu (58)
[2023.08.15-05.48.55:488][524]LogModuleManager: Shutting down and abandoning module MLSDK (56)
[2023.08.15-05.48.55:488][524]LogModuleManager: Shutting down and abandoning module MagicLeap (54)
[2023.08.15-05.48.55:488][524]LogModuleManager: Shutting down and abandoning module ChaosCloth (52)
[2023.08.15-05.48.55:488][524]LogModuleManager: Shutting down and abandoning module VariantManagerContent (50)
[2023.08.15-05.48.55:488][524]LogModuleManager: Shutting down and abandoning module DatasmithContent (48)
[2023.08.15-05.48.55:488][524]LogModuleManager: Shutting down and abandoning module PixWinPlugin (46)
[2023.08.15-05.48.55:488][524]LogModuleManager: Shutting down and abandoning module AISupportModule (44)
[2023.08.15-05.48.55:488][524]LogModuleManager: Shutting down and abandoning module NiagaraVertexFactories (42)
[2023.08.15-05.48.55:488][524]LogModuleManager: Shutting down and abandoning module NiagaraShader (40)
[2023.08.15-05.48.55:488][524]LogModuleManager: Shutting down and abandoning module HairStrandsCore (38)
[2023.08.15-05.48.55:488][524]LogModuleManager: Shutting down and abandoning module PlatformCryptoOpenSSL (36)
[2023.08.15-05.48.55:488][524]LogModuleManager: Shutting down and abandoning module PlatformCryptoTypes (34)
[2023.08.15-05.48.55:488][524]LogModuleManager: Shutting down and abandoning module PlatformCrypto (32)
[2023.08.15-05.48.55:488][524]LogModuleManager: Shutting down and abandoning module OodleDataCompressionFormat (30)
[2023.08.15-05.48.55:488][524]LogModuleManager: Shutting down and abandoning module PythonScriptPluginPreload (28)
[2023.08.15-05.48.55:488][524]LogModuleManager: Shutting down and abandoning module RenderCore (26)
[2023.08.15-05.48.55:488][524]LogModuleManager: Shutting down and abandoning module Landscape (24)
[2023.08.15-05.48.55:488][524]LogModuleManager: Shutting down and abandoning module SlateRHIRenderer (22)
[2023.08.15-05.48.55:489][524]LogModuleManager: Shutting down and abandoning module AnimGraphRuntime (20)
[2023.08.15-05.48.55:489][524]LogModuleManager: Shutting down and abandoning module Renderer (18)
[2023.08.15-05.48.55:489][524]LogModuleManager: Shutting down and abandoning module Engine (16)
[2023.08.15-05.48.55:489][524]LogModuleManager: Shutting down and abandoning module CoreUObject (14)
[2023.08.15-05.48.55:489][524]LogModuleManager: Shutting down and abandoning module NetworkFile (12)
[2023.08.15-05.48.55:489][524]LogModuleManager: Shutting down and abandoning module CookedIterativeFile (10)
[2023.08.15-05.48.55:489][524]LogModuleManager: Shutting down and abandoning module StreamingFile (8)
[2023.08.15-05.48.55:489][524]LogModuleManager: Shutting down and abandoning module SandboxFile (6)
[2023.08.15-05.48.55:489][524]LogModuleManager: Shutting down and abandoning module PakFile (4)
[2023.08.15-05.48.55:489][524]LogModuleManager: Shutting down and abandoning module RSA (3)
[2023.08.15-05.48.55:490][524]LogContentStreaming: Display: There are 1 unreleased StreamingManagers
[2023.08.15-05.48.55:492][524]LogD3D11RHI: Shutdown
[2023.08.15-05.48.55:492][524]LogD3D11RHI: CleanupD3DDevice
[2023.08.15-05.48.55:493][524]LogExit: Exiting.
[2023.08.15-05.48.55:499][524]Log file closed, 08/15/23 06:48:55
